[INFO] P1-S2a local gate started
[INFO] run_ts=2026-03-11T06:02:54Z
[INFO] window_id=p1-s2a-20260311T060254Z
[INFO] edge_pid=unknown
[INFO] base_url=http://localhost:8083
[INFO] evidence_dir=docs/v3/acceptance/phase1/evidence
[INFO] edge_db=/Users/pyw/MRS/db/edge.db
[INFO] sample_seconds=5
[INFO] git_rev=5198060
[INFO] hostname=wangyipengdeMacBook-Pro.local
..                                                                       [100%]
2 passed in 2.87s
...                                                                      [100%]
3 passed in 3.37s
...                                                                      [100%]
3 passed in 0.33s
...............                                                          [100%]
15 passed in 2.88s
[INFO] Result: Pass
[INFO] Evidence files:
  - docs/v3/acceptance/phase1/evidence/p1-s2a-local-gate.log
  - docs/v3/acceptance/phase1/evidence/p1-s2a-metrics.json
  - docs/v3/acceptance/phase1/evidence/p1-s2a-health-snapshots.json
  - docs/v3/acceptance/phase1/evidence/p1-s2a-ui-proof.md
  - docs/v3/acceptance/phase1/evidence/p1-s2a-trigger-channel-raw.jsonl
[INFO] Finished
