[      59ms] [LOG] Control Center initializing... @ http://localhost:8889/:2160
[   23407ms] [LOG] Control Center initializing... @ http://localhost:8889/:2160
[  818417ms] [ERROR] Failed to load resource: net::ERR_CONNECTION_REFUSED @ http://localhost:8083/v1/health:0
[  818418ms] [ERROR] Failed to load resource: net::ERR_CONNECTION_REFUSED @ http://localhost:8083/api/config:0
[  818418ms] [ERROR] Failed to fetch config: TypeError: Failed to fetch
    at Proxy.refreshConfig (http://localhost:8889/:2174:18)
    at http://localhost:8889/:2163:51 @ http://localhost:8889/:2182
[  818419ms] [ERROR] Failed to load resource: net::ERR_CONNECTION_REFUSED @ http://localhost:8083/api/memories/latest?since=2026-04-10T11%3A33%3A39.322Z:0
[  818419ms] [ERROR] Failed to load resource: net::ERR_CONNECTION_REFUSED @ http://localhost:8083/api/memories/recent?limit=500:0
[  818420ms] [ERROR] Failed to load resource: net::ERR_CONNECTION_REFUSED @ http://localhost:8083/api/memories/latest?since=2026-04-10T11%3A33%3A39.322Z:0
[  818420ms] [ERROR] Failed to load resource: net::ERR_CONNECTION_REFUSED @ http://localhost:8083/api/memories/recent?limit=500:0
[  823413ms] [ERROR] Failed to load resource: net::ERR_CONNECTION_REFUSED @ http://localhost:8083/v1/health:0
[  823413ms] [ERROR] Failed to load resource: net::ERR_CONNECTION_REFUSED @ http://localhost:8083/api/config:0
[  823413ms] [ERROR] Failed to fetch config: TypeError: Failed to fetch
    at Proxy.refreshConfig (http://localhost:8889/:2174:18)
    at http://localhost:8889/:2163:51 @ http://localhost:8889/:2182
[  823414ms] [ERROR] Failed to load resource: net::ERR_CONNECTION_REFUSED @ http://localhost:8083/api/memories/latest?since=2026-04-10T11%3A33%3A39.322Z:0
[  823415ms] [ERROR] Failed to load resource: net::ERR_CONNECTION_REFUSED @ http://localhost:8083/api/memories/recent?limit=500:0
[  823415ms] [ERROR] Failed to load resource: net::ERR_CONNECTION_REFUSED @ http://localhost:8083/api/memories/latest?since=2026-04-10T11%3A33%3A39.322Z:0
[  823415ms] [ERROR] Failed to load resource: net::ERR_CONNECTION_REFUSED @ http://localhost:8083/api/memories/recent?limit=500:0
[  828414ms] [ERROR] Failed to load resource: net::ERR_CONNECTION_REFUSED @ http://localhost:8083/v1/health:0
[  828415ms] [ERROR] Failed to load resource: net::ERR_CONNECTION_REFUSED @ http://localhost:8083/api/config:0
[  828415ms] [ERROR] Failed to fetch config: TypeError: Failed to fetch
    at Proxy.refreshConfig (http://localhost:8889/:2174:18)
    at http://localhost:8889/:2163:51 @ http://localhost:8889/:2182
[  828416ms] [ERROR] Failed to load resource: net::ERR_CONNECTION_REFUSED @ http://localhost:8083/api/memories/latest?since=2026-04-10T11%3A33%3A39.322Z:0
[  828416ms] [ERROR] Failed to load resource: net::ERR_CONNECTION_REFUSED @ http://localhost:8083/api/memories/recent?limit=500:0
[  828417ms] [ERROR] Failed to load resource: net::ERR_CONNECTION_REFUSED @ http://localhost:8083/api/memories/latest?since=2026-04-10T11%3A33%3A39.322Z:0
[  828417ms] [ERROR] Failed to load resource: net::ERR_CONNECTION_REFUSED @ http://localhost:8083/api/memories/recent?limit=500:0
[  833413ms] [ERROR] Failed to load resource: net::ERR_CONNECTION_REFUSED @ http://localhost:8083/v1/health:0
[  833413ms] [ERROR] Failed to load resource: net::ERR_CONNECTION_REFUSED @ http://localhost:8083/api/config:0
[  833413ms] [ERROR] Failed to fetch config: TypeError: Failed to fetch
    at Proxy.refreshConfig (http://localhost:8889/:2174:18)
    at http://localhost:8889/:2163:51 @ http://localhost:8889/:2182
[  833416ms] [ERROR] Failed to load resource: net::ERR_CONNECTION_REFUSED @ http://localhost:8083/api/memories/latest?since=2026-04-10T11%3A33%3A39.322Z:0
[  833417ms] [ERROR] Failed to load resource: net::ERR_CONNECTION_REFUSED @ http://localhost:8083/api/memories/recent?limit=500:0
[  833417ms] [ERROR] Failed to load resource: net::ERR_CONNECTION_REFUSED @ http://localhost:8083/api/memories/latest?since=2026-04-10T11%3A33%3A39.322Z:0
[  833417ms] [ERROR] Failed to load resource: net::ERR_CONNECTION_REFUSED @ http://localhost:8083/api/memories/recent?limit=500:0
[  838412ms] [ERROR] Failed to load resource: net::ERR_CONNECTION_REFUSED @ http://localhost:8083/v1/health:0
[  838413ms] [ERROR] Failed to load resource: net::ERR_CONNECTION_REFUSED @ http://localhost:8083/api/config:0
[  838413ms] [ERROR] Failed to fetch config: TypeError: Failed to fetch
    at Proxy.refreshConfig (http://localhost:8889/:2174:18)
    at http://localhost:8889/:2163:51 @ http://localhost:8889/:2182
[  838413ms] [ERROR] Failed to load resource: net::ERR_CONNECTION_REFUSED @ http://localhost:8083/api/memories/latest?since=2026-04-10T11%3A33%3A39.322Z:0
[  838415ms] [ERROR] Failed to load resource: net::ERR_CONNECTION_REFUSED @ http://localhost:8083/api/memories/recent?limit=500:0
[  838415ms] [ERROR] Failed to load resource: net::ERR_CONNECTION_REFUSED @ http://localhost:8083/api/memories/latest?since=2026-04-10T11%3A33%3A39.322Z:0
[  838415ms] [ERROR] Failed to load resource: net::ERR_CONNECTION_REFUSED @ http://localhost:8083/api/memories/recent?limit=500:0
[  843411ms] [ERROR] Failed to load resource: net::ERR_CONNECTION_REFUSED @ http://localhost:8083/v1/health:0
[  843413ms] [ERROR] Failed to load resource: net::ERR_CONNECTION_REFUSED @ http://localhost:8083/api/config:0
[  843413ms] [ERROR] Failed to fetch config: TypeError: Failed to fetch
    at Proxy.refreshConfig (http://localhost:8889/:2174:18)
    at http://localhost:8889/:2163:51 @ http://localhost:8889/:2182
[  843413ms] [ERROR] Failed to load resource: net::ERR_CONNECTION_REFUSED @ http://localhost:8083/api/memories/latest?since=2026-04-10T11%3A33%3A39.322Z:0
[  843415ms] [ERROR] Failed to load resource: net::ERR_CONNECTION_REFUSED @ http://localhost:8083/api/memories/recent?limit=500:0
[  843415ms] [ERROR] Failed to load resource: net::ERR_CONNECTION_REFUSED @ http://localhost:8083/api/memories/latest?since=2026-04-10T11%3A33%3A39.322Z:0
[  843416ms] [ERROR] Failed to load resource: net::ERR_CONNECTION_REFUSED @ http://localhost:8083/api/memories/recent?limit=500:0
[  848411ms] [ERROR] Failed to load resource: net::ERR_CONNECTION_REFUSED @ http://localhost:8083/v1/health:0
[  848413ms] [ERROR] Failed to load resource: net::ERR_CONNECTION_REFUSED @ http://localhost:8083/api/config:0
[  848413ms] [ERROR] Failed to fetch config: TypeError: Failed to fetch
    at Proxy.refreshConfig (http://localhost:8889/:2174:18)
    at http://localhost:8889/:2163:51 @ http://localhost:8889/:2182
[  848417ms] [ERROR] Failed to load resource: net::ERR_CONNECTION_REFUSED @ http://localhost:8083/api/memories/recent?limit=500:0
[  848417ms] [ERROR] Failed to load resource: net::ERR_CONNECTION_REFUSED @ http://localhost:8083/api/memories/latest?since=2026-04-10T11%3A33%3A39.322Z:0
[  848418ms] [ERROR] Failed to load resource: net::ERR_CONNECTION_REFUSED @ http://localhost:8083/api/memories/latest?since=2026-04-10T11%3A33%3A39.322Z:0
[  848418ms] [ERROR] Failed to load resource: net::ERR_CONNECTION_REFUSED @ http://localhost:8083/api/memories/recent?limit=500:0
[  853411ms] [ERROR] Failed to load resource: net::ERR_CONNECTION_REFUSED @ http://localhost:8083/v1/health:0
[  853412ms] [ERROR] Failed to load resource: net::ERR_CONNECTION_REFUSED @ http://localhost:8083/api/config:0
[  853412ms] [ERROR] Failed to fetch config: TypeError: Failed to fetch
    at Proxy.refreshConfig (http://localhost:8889/:2174:18)
    at http://localhost:8889/:2163:51 @ http://localhost:8889/:2182
[  853413ms] [ERROR] Failed to load resource: net::ERR_CONNECTION_REFUSED @ http://localhost:8083/api/memories/latest?since=2026-04-10T11%3A33%3A39.322Z:0
[  853414ms] [ERROR] Failed to load resource: net::ERR_CONNECTION_REFUSED @ http://localhost:8083/api/memories/recent?limit=500:0
[  853414ms] [ERROR] Failed to load resource: net::ERR_CONNECTION_REFUSED @ http://localhost:8083/api/memories/latest?since=2026-04-10T11%3A33%3A39.322Z:0
[  853414ms] [ERROR] Failed to load resource: net::ERR_CONNECTION_REFUSED @ http://localhost:8083/api/memories/recent?limit=500:0
[  858411ms] [ERROR] Failed to load resource: net::ERR_CONNECTION_REFUSED @ http://localhost:8083/v1/health:0
[  858412ms] [ERROR] Failed to load resource: net::ERR_CONNECTION_REFUSED @ http://localhost:8083/api/config:0
[  858412ms] [ERROR] Failed to fetch config: TypeError: Failed to fetch
    at Proxy.refreshConfig (http://localhost:8889/:2174:18)
    at http://localhost:8889/:2163:51 @ http://localhost:8889/:2182
[  858413ms] [ERROR] Failed to load resource: net::ERR_CONNECTION_REFUSED @ http://localhost:8083/api/memories/latest?since=2026-04-10T11%3A33%3A39.322Z:0
[  858413ms] [ERROR] Failed to load resource: net::ERR_CONNECTION_REFUSED @ http://localhost:8083/api/memories/recent?limit=500:0
[  858414ms] [ERROR] Failed to load resource: net::ERR_CONNECTION_REFUSED @ http://localhost:8083/api/memories/latest?since=2026-04-10T11%3A33%3A39.322Z:0
[  858414ms] [ERROR] Failed to load resource: net::ERR_CONNECTION_REFUSED @ http://localhost:8083/api/memories/recent?limit=500:0
[  863413ms] [ERROR] Failed to load resource: net::ERR_CONNECTION_REFUSED @ http://localhost:8083/v1/health:0
[  863414ms] [ERROR] Failed to load resource: net::ERR_CONNECTION_REFUSED @ http://localhost:8083/api/config:0
[  863414ms] [ERROR] Failed to fetch config: TypeError: Failed to fetch
    at Proxy.refreshConfig (http://localhost:8889/:2174:18)
    at http://localhost:8889/:2163:51 @ http://localhost:8889/:2182
[  863415ms] [ERROR] Failed to load resource: net::ERR_CONNECTION_REFUSED @ http://localhost:8083/api/memories/latest?since=2026-04-10T11%3A33%3A39.322Z:0
[  863415ms] [ERROR] Failed to load resource: net::ERR_CONNECTION_REFUSED @ http://localhost:8083/api/memories/recent?limit=500:0
[  863415ms] [ERROR] Failed to load resource: net::ERR_CONNECTION_REFUSED @ http://localhost:8083/api/memories/latest?since=2026-04-10T11%3A33%3A39.322Z:0
[  863415ms] [ERROR] Failed to load resource: net::ERR_CONNECTION_REFUSED @ http://localhost:8083/api/memories/recent?limit=500:0
[  868413ms] [ERROR] Failed to load resource: net::ERR_CONNECTION_REFUSED @ http://localhost:8083/v1/health:0
[  868414ms] [ERROR] Failed to load resource: net::ERR_CONNECTION_REFUSED @ http://localhost:8083/api/config:0
[  868414ms] [ERROR] Failed to fetch config: TypeError: Failed to fetch
    at Proxy.refreshConfig (http://localhost:8889/:2174:18)
    at http://localhost:8889/:2163:51 @ http://localhost:8889/:2182
[  868414ms] [ERROR] Failed to load resource: net::ERR_CONNECTION_REFUSED @ http://localhost:8083/api/memories/latest?since=2026-04-10T11%3A33%3A39.322Z:0
[  868415ms] [ERROR] Failed to load resource: net::ERR_CONNECTION_REFUSED @ http://localhost:8083/api/memories/recent?limit=500:0
[  868415ms] [ERROR] Failed to load resource: net::ERR_CONNECTION_REFUSED @ http://localhost:8083/api/memories/latest?since=2026-04-10T11%3A33%3A39.322Z:0
[  868415ms] [ERROR] Failed to load resource: net::ERR_CONNECTION_REFUSED @ http://localhost:8083/api/memories/recent?limit=500:0
[  873413ms] [ERROR] Failed to load resource: net::ERR_CONNECTION_REFUSED @ http://localhost:8083/v1/health:0
[  873414ms] [ERROR] Failed to load resource: net::ERR_CONNECTION_REFUSED @ http://localhost:8083/api/config:0
[  873414ms] [ERROR] Failed to fetch config: TypeError: Failed to fetch
    at Proxy.refreshConfig (http://localhost:8889/:2174:18)
    at http://localhost:8889/:2163:51 @ http://localhost:8889/:2182
[  873414ms] [ERROR] Failed to load resource: net::ERR_CONNECTION_REFUSED @ http://localhost:8083/api/memories/latest?since=2026-04-10T11%3A33%3A39.322Z:0
[  873415ms] [ERROR] Failed to load resource: net::ERR_CONNECTION_REFUSED @ http://localhost:8083/api/memories/latest?since=2026-04-10T11%3A33%3A39.322Z:0
[  873415ms] [ERROR] Failed to load resource: net::ERR_CONNECTION_REFUSED @ http://localhost:8083/api/memories/recent?limit=500:0
[  873415ms] [ERROR] Failed to load resource: net::ERR_CONNECTION_REFUSED @ http://localhost:8083/api/memories/recent?limit=500:0
[  878412ms] [ERROR] Failed to load resource: net::ERR_CONNECTION_REFUSED @ http://localhost:8083/v1/health:0
[  878414ms] [ERROR] Failed to load resource: net::ERR_CONNECTION_REFUSED @ http://localhost:8083/api/config:0
[  878414ms] [ERROR] Failed to fetch config: TypeError: Failed to fetch
    at Proxy.refreshConfig (http://localhost:8889/:2174:18)
    at http://localhost:8889/:2163:51 @ http://localhost:8889/:2182
[  878414ms] [ERROR] Failed to load resource: net::ERR_CONNECTION_REFUSED @ http://localhost:8083/api/memories/latest?since=2026-04-10T11%3A33%3A39.322Z:0
[  878415ms] [ERROR] Failed to load resource: net::ERR_CONNECTION_REFUSED @ http://localhost:8083/api/memories/recent?limit=500:0
[  878415ms] [ERROR] Failed to load resource: net::ERR_CONNECTION_REFUSED @ http://localhost:8083/api/memories/latest?since=2026-04-10T11%3A33%3A39.322Z:0
[  878415ms] [ERROR] Failed to load resource: net::ERR_CONNECTION_REFUSED @ http://localhost:8083/api/memories/recent?limit=500:0
[  883413ms] [ERROR] Failed to load resource: net::ERR_CONNECTION_REFUSED @ http://localhost:8083/v1/health:0
[  883414ms] [ERROR] Failed to load resource: net::ERR_CONNECTION_REFUSED @ http://localhost:8083/api/config:0
[  883414ms] [ERROR] Failed to fetch config: TypeError: Failed to fetch
    at Proxy.refreshConfig (http://localhost:8889/:2174:18)
    at http://localhost:8889/:2163:51 @ http://localhost:8889/:2182
[  883415ms] [ERROR] Failed to load resource: net::ERR_CONNECTION_REFUSED @ http://localhost:8083/api/memories/latest?since=2026-04-10T11%3A33%3A39.322Z:0
[  883415ms] [ERROR] Failed to load resource: net::ERR_CONNECTION_REFUSED @ http://localhost:8083/api/memories/recent?limit=500:0
[  883415ms] [ERROR] Failed to load resource: net::ERR_CONNECTION_REFUSED @ http://localhost:8083/api/memories/recent?limit=500:0
[  883416ms] [ERROR] Failed to load resource: net::ERR_CONNECTION_REFUSED @ http://localhost:8083/api/memories/latest?since=2026-04-10T11%3A33%3A39.322Z:0
[  888412ms] [ERROR] Failed to load resource: net::ERR_CONNECTION_REFUSED @ http://localhost:8083/v1/health:0
[  888414ms] [ERROR] Failed to load resource: net::ERR_CONNECTION_REFUSED @ http://localhost:8083/api/config:0
[  888414ms] [ERROR] Failed to fetch config: TypeError: Failed to fetch
    at Proxy.refreshConfig (http://localhost:8889/:2174:18)
    at http://localhost:8889/:2163:51 @ http://localhost:8889/:2182
[  888414ms] [ERROR] Failed to load resource: net::ERR_CONNECTION_REFUSED @ http://localhost:8083/api/memories/latest?since=2026-04-10T11%3A33%3A39.322Z:0
[  888415ms] [ERROR] Failed to load resource: net::ERR_CONNECTION_REFUSED @ http://localhost:8083/api/memories/recent?limit=500:0
[  888415ms] [ERROR] Failed to load resource: net::ERR_CONNECTION_REFUSED @ http://localhost:8083/api/memories/latest?since=2026-04-10T11%3A33%3A39.322Z:0
[  888415ms] [ERROR] Failed to load resource: net::ERR_CONNECTION_REFUSED @ http://localhost:8083/api/memories/recent?limit=500:0
[  893411ms] [ERROR] Failed to load resource: net::ERR_CONNECTION_REFUSED @ http://localhost:8083/v1/health:0
[  893412ms] [ERROR] Failed to load resource: net::ERR_CONNECTION_REFUSED @ http://localhost:8083/api/config:0
[  893412ms] [ERROR] Failed to fetch config: TypeError: Failed to fetch
    at Proxy.refreshConfig (http://localhost:8889/:2174:18)
    at http://localhost:8889/:2163:51 @ http://localhost:8889/:2182
[  893413ms] [ERROR] Failed to load resource: net::ERR_CONNECTION_REFUSED @ http://localhost:8083/api/memories/latest?since=2026-04-10T11%3A33%3A39.322Z:0
[  893414ms] [ERROR] Failed to load resource: net::ERR_CONNECTION_REFUSED @ http://localhost:8083/api/memories/recent?limit=500:0
[  893414ms] [ERROR] Failed to load resource: net::ERR_CONNECTION_REFUSED @ http://localhost:8083/api/memories/latest?since=2026-04-10T11%3A33%3A39.322Z:0
[  893415ms] [ERROR] Failed to load resource: net::ERR_CONNECTION_REFUSED @ http://localhost:8083/api/memories/recent?limit=500:0
[  898411ms] [ERROR] Failed to load resource: net::ERR_CONNECTION_REFUSED @ http://localhost:8083/v1/health:0
[  898413ms] [ERROR] Failed to load resource: net::ERR_CONNECTION_REFUSED @ http://localhost:8083/api/config:0
[  898413ms] [ERROR] Failed to fetch config: TypeError: Failed to fetch
    at Proxy.refreshConfig (http://localhost:8889/:2174:18)
    at http://localhost:8889/:2163:51 @ http://localhost:8889/:2182
[  898413ms] [ERROR] Failed to load resource: net::ERR_CONNECTION_REFUSED @ http://localhost:8083/api/memories/latest?since=2026-04-10T11%3A33%3A39.322Z:0
[  898414ms] [ERROR] Failed to load resource: net::ERR_CONNECTION_REFUSED @ http://localhost:8083/api/memories/latest?since=2026-04-10T11%3A33%3A39.322Z:0
[  898414ms] [ERROR] Failed to load resource: net::ERR_CONNECTION_REFUSED @ http://localhost:8083/api/memories/recent?limit=500:0
[  898415ms] [ERROR] Failed to load resource: net::ERR_CONNECTION_REFUSED @ http://localhost:8083/api/memories/recent?limit=500:0
[  903413ms] [ERROR] Failed to load resource: net::ERR_CONNECTION_REFUSED @ http://localhost:8083/v1/health:0
[  903415ms] [ERROR] Failed to load resource: net::ERR_CONNECTION_REFUSED @ http://localhost:8083/api/config:0
[  903415ms] [ERROR] Failed to fetch config: TypeError: Failed to fetch
    at Proxy.refreshConfig (http://localhost:8889/:2174:18)
    at http://localhost:8889/:2163:51 @ http://localhost:8889/:2182
[  903415ms] [ERROR] Failed to load resource: net::ERR_CONNECTION_REFUSED @ http://localhost:8083/api/memories/latest?since=2026-04-10T11%3A33%3A39.322Z:0
[  903416ms] [ERROR] Failed to load resource: net::ERR_CONNECTION_REFUSED @ http://localhost:8083/api/memories/recent?limit=500:0
[  903416ms] [ERROR] Failed to load resource: net::ERR_CONNECTION_REFUSED @ http://localhost:8083/api/memories/latest?since=2026-04-10T11%3A33%3A39.322Z:0
[  903416ms] [ERROR] Failed to load resource: net::ERR_CONNECTION_REFUSED @ http://localhost:8083/api/memories/recent?limit=500:0
[  908413ms] [ERROR] Failed to load resource: net::ERR_CONNECTION_REFUSED @ http://localhost:8083/v1/health:0
[  908416ms] [ERROR] Failed to load resource: net::ERR_CONNECTION_REFUSED @ http://localhost:8083/api/config:0
[  908416ms] [ERROR] Failed to fetch config: TypeError: Failed to fetch
    at Proxy.refreshConfig (http://localhost:8889/:2174:18)
    at http://localhost:8889/:2163:51 @ http://localhost:8889/:2182
[  908417ms] [ERROR] Failed to load resource: net::ERR_CONNECTION_REFUSED @ http://localhost:8083/api/memories/latest?since=2026-04-10T11%3A33%3A39.322Z:0
[  908418ms] [ERROR] Failed to load resource: net::ERR_CONNECTION_REFUSED @ http://localhost:8083/api/memories/recent?limit=500:0
[  908418ms] [ERROR] Failed to load resource: net::ERR_CONNECTION_REFUSED @ http://localhost:8083/api/memories/latest?since=2026-04-10T11%3A33%3A39.322Z:0
[  908418ms] [ERROR] Failed to load resource: net::ERR_CONNECTION_REFUSED @ http://localhost:8083/api/memories/recent?limit=500:0
[  913411ms] [ERROR] Failed to load resource: net::ERR_CONNECTION_REFUSED @ http://localhost:8083/v1/health:0
[  913411ms] [ERROR] Failed to load resource: net::ERR_CONNECTION_REFUSED @ http://localhost:8083/api/config:0
[  913411ms] [ERROR] Failed to fetch config: TypeError: Failed to fetch
    at Proxy.refreshConfig (http://localhost:8889/:2174:18)
    at http://localhost:8889/:2163:51 @ http://localhost:8889/:2182
[  913412ms] [ERROR] Failed to load resource: net::ERR_CONNECTION_REFUSED @ http://localhost:8083/api/memories/latest?since=2026-04-10T11%3A33%3A39.322Z:0
[  913412ms] [ERROR] Failed to load resource: net::ERR_CONNECTION_REFUSED @ http://localhost:8083/api/memories/recent?limit=500:0
[  913412ms] [ERROR] Failed to load resource: net::ERR_CONNECTION_REFUSED @ http://localhost:8083/api/memories/latest?since=2026-04-10T11%3A33%3A39.322Z:0
[  913412ms] [ERROR] Failed to load resource: net::ERR_CONNECTION_REFUSED @ http://localhost:8083/api/memories/recent?limit=500:0
[  924619ms] [ERROR] Failed to load resource: net::ERR_CONNECTION_RESET @ http://localhost:8083/v1/health:0
[  924619ms] [ERROR] Failed to load resource: net::ERR_CONNECTION_RESET @ http://localhost:8083/api/config:0
[  924619ms] [ERROR] Failed to fetch config: TypeError: Failed to fetch
    at Proxy.refreshConfig (http://localhost:8889/:2174:18)
    at http://localhost:8889/:2163:51 @ http://localhost:8889/:2182
[  924620ms] [ERROR] Failed to load resource: net::ERR_CONNECTION_RESET @ http://localhost:8083/api/memories/latest?since=2026-04-10T11%3A33%3A39.322Z:0
[  924620ms] [ERROR] Failed to load resource: net::ERR_CONNECTION_RESET @ http://localhost:8083/api/memories/recent?limit=500:0
[  924621ms] [ERROR] Failed to load resource: net::ERR_CONNECTION_REFUSED @ http://localhost:8083/api/memories/latest?since=2026-04-10T11%3A33%3A39.322Z:0
[  924621ms] [ERROR] Failed to load resource: net::ERR_CONNECTION_REFUSED @ http://localhost:8083/api/memories/recent?limit=500:0
[  928413ms] [ERROR] Failed to load resource: net::ERR_CONNECTION_REFUSED @ http://localhost:8083/v1/health:0
[  928414ms] [ERROR] Failed to load resource: net::ERR_CONNECTION_REFUSED @ http://localhost:8083/api/config:0
[  928414ms] [ERROR] Failed to fetch config: TypeError: Failed to fetch
    at Proxy.refreshConfig (http://localhost:8889/:2174:18)
    at http://localhost:8889/:2163:51 @ http://localhost:8889/:2182
[  928415ms] [ERROR] Failed to load resource: net::ERR_CONNECTION_REFUSED @ http://localhost:8083/api/memories/latest?since=2026-04-10T11%3A33%3A39.322Z:0
[  928415ms] [ERROR] Failed to load resource: net::ERR_CONNECTION_REFUSED @ http://localhost:8083/api/memories/recent?limit=500:0
[  928416ms] [ERROR] Failed to load resource: net::ERR_CONNECTION_REFUSED @ http://localhost:8083/api/memories/latest?since=2026-04-10T11%3A33%3A39.322Z:0
[  928416ms] [ERROR] Failed to load resource: net::ERR_CONNECTION_REFUSED @ http://localhost:8083/api/memories/recent?limit=500:0
[  933411ms] [ERROR] Failed to load resource: net::ERR_CONNECTION_REFUSED @ http://localhost:8083/v1/health:0
[  933412ms] [ERROR] Failed to load resource: net::ERR_CONNECTION_REFUSED @ http://localhost:8083/api/config:0
[  933412ms] [ERROR] Failed to fetch config: TypeError: Failed to fetch
    at Proxy.refreshConfig (http://localhost:8889/:2174:18)
    at http://localhost:8889/:2163:51 @ http://localhost:8889/:2182
[  933415ms] [ERROR] Failed to load resource: net::ERR_CONNECTION_REFUSED @ http://localhost:8083/api/memories/latest?since=2026-04-10T11%3A33%3A39.322Z:0
[  933415ms] [ERROR] Failed to load resource: net::ERR_CONNECTION_REFUSED @ http://localhost:8083/api/memories/recent?limit=500:0
[  933416ms] [ERROR] Failed to load resource: net::ERR_CONNECTION_REFUSED @ http://localhost:8083/api/memories/latest?since=2026-04-10T11%3A33%3A39.322Z:0
[  933416ms] [ERROR] Failed to load resource: net::ERR_CONNECTION_REFUSED @ http://localhost:8083/api/memories/recent?limit=500:0
[ 1188414ms] [ERROR] Failed to load resource: net::ERR_CONNECTION_REFUSED @ http://localhost:8083/v1/health:0
[ 1188415ms] [ERROR] Failed to load resource: net::ERR_CONNECTION_REFUSED @ http://localhost:8083/api/config:0
[ 1188415ms] [ERROR] Failed to fetch config: TypeError: Failed to fetch
    at Proxy.refreshConfig (http://localhost:8889/:2174:18)
    at http://localhost:8889/:2163:51 @ http://localhost:8889/:2182
[ 1188416ms] [ERROR] Failed to load resource: net::ERR_CONNECTION_REFUSED @ http://localhost:8083/api/memories/recent?limit=500:0
[ 1188416ms] [ERROR] Failed to load resource: net::ERR_CONNECTION_REFUSED @ http://localhost:8083/api/memories/latest?since=2026-04-10T11%3A38%3A23.565Z:0
[ 1188417ms] [ERROR] Failed to load resource: net::ERR_CONNECTION_REFUSED @ http://localhost:8083/api/memories/latest?since=2026-04-10T11%3A38%3A23.565Z:0
[ 1188417ms] [ERROR] Failed to load resource: net::ERR_CONNECTION_REFUSED @ http://localhost:8083/api/memories/recent?limit=500:0
[ 1193415ms] [ERROR] Failed to load resource: net::ERR_CONNECTION_REFUSED @ http://localhost:8083/v1/health:0
[ 1193417ms] [ERROR] Failed to load resource: net::ERR_CONNECTION_REFUSED @ http://localhost:8083/api/config:0
[ 1193417ms] [ERROR] Failed to fetch config: TypeError: Failed to fetch
    at Proxy.refreshConfig (http://localhost:8889/:2174:18)
    at http://localhost:8889/:2163:51 @ http://localhost:8889/:2182
[ 1193417ms] [ERROR] Failed to load resource: net::ERR_CONNECTION_REFUSED @ http://localhost:8083/api/memories/latest?since=2026-04-10T11%3A38%3A23.565Z:0
[ 1193417ms] [ERROR] Failed to load resource: net::ERR_CONNECTION_REFUSED @ http://localhost:8083/api/memories/recent?limit=500:0
[ 1193418ms] [ERROR] Failed to load resource: net::ERR_CONNECTION_REFUSED @ http://localhost:8083/api/memories/latest?since=2026-04-10T11%3A38%3A23.565Z:0
[ 1193418ms] [ERROR] Failed to load resource: net::ERR_CONNECTION_REFUSED @ http://localhost:8083/api/memories/recent?limit=500:0
[ 1198415ms] [ERROR] Failed to load resource: net::ERR_CONNECTION_REFUSED @ http://localhost:8083/v1/health:0
[ 1198417ms] [ERROR] Failed to load resource: net::ERR_CONNECTION_REFUSED @ http://localhost:8083/api/config:0
[ 1198417ms] [ERROR] Failed to fetch config: TypeError: Failed to fetch
    at Proxy.refreshConfig (http://localhost:8889/:2174:18)
    at http://localhost:8889/:2163:51 @ http://localhost:8889/:2182
[ 1198417ms] [ERROR] Failed to load resource: net::ERR_CONNECTION_REFUSED @ http://localhost:8083/api/memories/latest?since=2026-04-10T11%3A38%3A23.565Z:0
[ 1198419ms] [ERROR] Failed to load resource: net::ERR_CONNECTION_REFUSED @ http://localhost:8083/api/memories/recent?limit=500:0
[ 1198419ms] [ERROR] Failed to load resource: net::ERR_CONNECTION_REFUSED @ http://localhost:8083/api/memories/latest?since=2026-04-10T11%3A38%3A23.565Z:0
[ 1198419ms] [ERROR] Failed to load resource: net::ERR_CONNECTION_REFUSED @ http://localhost:8083/api/memories/recent?limit=500:0
[ 2093418ms] [ERROR] Failed to load resource: net::ERR_CONNECTION_REFUSED @ http://localhost:8083/v1/health:0
[ 2093418ms] [ERROR] Failed to load resource: net::ERR_CONNECTION_REFUSED @ http://localhost:8083/api/config:0
[ 2093418ms] [ERROR] Failed to fetch config: TypeError: Failed to fetch
    at Proxy.refreshConfig (http://localhost:8889/:2174:18)
    at http://localhost:8889/:2163:51 @ http://localhost:8889/:2182
[ 2093420ms] [ERROR] Failed to load resource: net::ERR_CONNECTION_REFUSED @ http://localhost:8083/api/memories/latest?since=2026-04-10T11%3A53%3A36.125Z:0
[ 2093420ms] [ERROR] Failed to load resource: net::ERR_CONNECTION_REFUSED @ http://localhost:8083/api/memories/recent?limit=500:0
[ 2093420ms] [ERROR] Failed to load resource: net::ERR_CONNECTION_REFUSED @ http://localhost:8083/api/memories/latest?since=2026-04-10T11%3A53%3A36.125Z:0
[ 2093423ms] [ERROR] Failed to load resource: net::ERR_CONNECTION_REFUSED @ http://localhost:8083/api/memories/recent?limit=500:0
