16:46:16 | INFO    | openrecall.client | ==================================================
16:46:16 | INFO    | openrecall.client | OpenRecall Client Starting
16:46:16 | INFO    | openrecall.client | ==================================================
16:46:16 | INFO    | openrecall.client | Debug mode: ON
16:46:16 | INFO    | openrecall.client | Buffer path: /Users/tiiny/MRC/buffer
16:46:16 | INFO    | openrecall.client | Client screenshots: /Users/tiiny/MRC/screenshots (enabled=False)
16:46:16 | INFO    | openrecall.client | Cache folder: /Users/tiiny/MRS/cache
16:46:16 | INFO    | openrecall.client | Server API: http://localhost:18083/api
16:46:16 | INFO    | openrecall.client | Capture interval: 20s
16:46:16 | INFO    | openrecall.client | Upload timeout: 180s
16:46:16 | INFO    | openrecall.client | Primary monitor only: True
16:46:16 | INFO    | openrecall.client | Video monitor IDs: auto
16:46:16 | INFO    | openrecall.client | Profile-change restart: True | Pool max bytes: 67108864
16:46:16 | INFO    | openrecall.client | SCK retries: max=3 backoff=2s perm_backoff=30s auto_recover=True
16:46:16 | INFO    | openrecall.client | ==================================================
16:46:16 | INFO    | openrecall.client.recorder | Recording mode: auto -> video (FFmpeg available)
16:46:16 | INFO    | openrecall.client.consumer | 🚀 Consumer started | Pending uploads: 0
16:46:16 | INFO    | openrecall.client.video_recorder | Video recorder started (monitor-id pipeline)
16:46:16 | INFO    | openrecall.client.video_recorder |   Chunk duration: 60s
16:46:16 | INFO    | openrecall.client.video_recorder |   FPS: 30, CRF: 23
16:46:16 | INFO    | openrecall.client.video_recorder |   Pipeline mode: segment | Pipe write timeout: 1500ms | No-progress timeout: 180s
16:46:16 | INFO    | openrecall.client.video_recorder |   Output dir: /Users/tiiny/MRC/video_chunks
16:46:16 | INFO    | openrecall.client.video_recorder | Selected monitors: 1
16:46:17 | INFO    | openrecall.client.video_recorder | Client status | state=recording | monitor_chunks=1:initializing | pending_uploads=0
16:46:17 | INFO    | openrecall.client.ffmpeg_manager | Starting FFmpeg: ffmpeg -f rawvideo -pixel_format nv12 -video_size 1470x956 -framerate 30 -use_wallclock_as_timestamps 1 -color_range tv -i - -c:v h264_videotoolbox -pix_fmt yuv420p -allow_sw 1 -force_key_frames expr:gte(t,n_forced*60) -f segment -segment_time 60 -segment_format mp4 -segment_list /Users/tiiny/MRC/video_chunks/monitor_1/segments_1.csv -segment_list_type csv -reset_timestamps 1 -strftime 1 -y /Users/tiiny/MRC/video_chunks/monitor_1/monitor_1_%Y-%m-%d_%H-%M-%S.mp4
16:46:17 | INFO    | openrecall.client.ffmpeg_manager | FFmpeg watchdog started
16:46:17 | INFO    | openrecall.client.ffmpeg_manager | FFmpeg started (PID=5251)
16:46:18 | INFO    | openrecall.client.ffmpeg_manager | Video chunk recording started | file=monitor_1_2026-02-09_08-46-17.mp4 | monitor_id=1
16:46:37 | INFO    | openrecall.client.video_recorder | Client status | state=recording | monitor_chunks=1:monitor_1_2026-02-09_08-46-17.mp4 | pending_uploads=0
16:46:57 | INFO    | openrecall.client.video_recorder | Client status | state=recording | monitor_chunks=1:monitor_1_2026-02-09_08-46-17.mp4 | pending_uploads=0
16:47:17 | INFO    | openrecall.client.video_recorder | Client status | state=recording | monitor_chunks=1:monitor_1_2026-02-09_08-46-17.mp4 | pending_uploads=0
16:47:18 | INFO    | openrecall.client.ffmpeg_manager | Video chunk recording started | file=monitor_1_2026-02-09_08-47-17.mp4 | monitor_id=1
16:47:18 | INFO    | openrecall.client.video_recorder | Video chunk recording ended | file=monitor_1_2026-02-09_08-46-17.mp4 | size_mb=51.7 | monitor_id=1
16:47:18 | INFO    | openrecall.client.buffer | Buffered file (video_chunk): monitor_1_2026-02-09_08-46-17.mp4 | Queue: 1 items
16:47:18 | INFO    | openrecall.client.video_recorder | Video chunk enqueued: monitor_1_2026-02-09_08-46-17.mp4 (51.7MB monitor_id=1)
16:47:19 | INFO    | openrecall.client.consumer | Dispatch buffered item | id=20260209_164718_384511_fc4ffb48 | item_type=video_chunk | target=upload_video_chunk
16:47:19 | INFO    | openrecall.client.consumer | Uploading video chunk | id=20260209_164718_384511_fc4ffb48 | file=monitor_1_2026-02-09_08-46-17.mp4 | size_mb=51.7 | monitor_id=1
16:47:19 | INFO    | openrecall.client.buffer | ✅ Committed: 20260209_164718_3845... | Remaining: 0 items
16:47:19 | INFO    | openrecall.client.consumer | 📤 Uploaded video chunk | file=monitor_1_2026-02-09_08-46-17.mp4 | size_mb=51.7 | monitor_id=1 | elapsed=0.12s | remaining=0
16:47:37 | INFO    | openrecall.client.video_recorder | Client status | state=recording | monitor_chunks=1:monitor_1_2026-02-09_08-47-17.mp4 | pending_uploads=0
16:47:57 | INFO    | openrecall.client.video_recorder | Client status | state=recording | monitor_chunks=1:monitor_1_2026-02-09_08-47-17.mp4 | pending_uploads=0
16:48:17 | INFO    | openrecall.client.video_recorder | Client status | state=recording | monitor_chunks=1:monitor_1_2026-02-09_08-47-17.mp4 | pending_uploads=0
16:48:17 | INFO    | openrecall.client.ffmpeg_manager | Video chunk recording started | file=monitor_1_2026-02-09_08-48-17.mp4 | monitor_id=1
16:48:17 | INFO    | openrecall.client.video_recorder | Video chunk recording ended | file=monitor_1_2026-02-09_08-47-17.mp4 | size_mb=64.1 | monitor_id=1
16:48:17 | INFO    | openrecall.client.buffer | Buffered file (video_chunk): monitor_1_2026-02-09_08-47-17.mp4 | Queue: 1 items
16:48:17 | INFO    | openrecall.client.video_recorder | Video chunk enqueued: monitor_1_2026-02-09_08-47-17.mp4 (64.1MB monitor_id=1)
16:48:18 | INFO    | openrecall.client.consumer | Dispatch buffered item | id=20260209_164817_658717_7e575f28 | item_type=video_chunk | target=upload_video_chunk
16:48:18 | INFO    | openrecall.client.consumer | Uploading video chunk | id=20260209_164817_658717_7e575f28 | file=monitor_1_2026-02-09_08-47-17.mp4 | size_mb=64.1 | monitor_id=1
16:48:18 | INFO    | openrecall.client.buffer | ✅ Committed: 20260209_164817_6587... | Remaining: 0 items
16:48:18 | INFO    | openrecall.client.consumer | 📤 Uploaded video chunk | file=monitor_1_2026-02-09_08-47-17.mp4 | size_mb=64.1 | monitor_id=1 | elapsed=0.14s | remaining=0
16:48:37 | INFO    | openrecall.client.video_recorder | Client status | state=recording | monitor_chunks=1:monitor_1_2026-02-09_08-48-17.mp4 | pending_uploads=0
16:48:57 | INFO    | openrecall.client.video_recorder | Client status | state=recording | monitor_chunks=1:monitor_1_2026-02-09_08-48-17.mp4 | pending_uploads=0
16:49:17 | INFO    | openrecall.client.video_recorder | Client status | state=recording | monitor_chunks=1:monitor_1_2026-02-09_08-48-17.mp4 | pending_uploads=0
16:49:17 | INFO    | openrecall.client.ffmpeg_manager | Video chunk recording started | file=monitor_1_2026-02-09_08-49-17.mp4 | monitor_id=1
16:49:17 | INFO    | openrecall.client.video_recorder | Video chunk recording ended | file=monitor_1_2026-02-09_08-48-17.mp4 | size_mb=60.0 | monitor_id=1
16:49:17 | INFO    | openrecall.client.buffer | Buffered file (video_chunk): monitor_1_2026-02-09_08-48-17.mp4 | Queue: 1 items
16:49:17 | INFO    | openrecall.client.video_recorder | Video chunk enqueued: monitor_1_2026-02-09_08-48-17.mp4 (60.0MB monitor_id=1)
16:49:18 | INFO    | openrecall.client.consumer | Dispatch buffered item | id=20260209_164917_929027_dee8f93e | item_type=video_chunk | target=upload_video_chunk
16:49:18 | INFO    | openrecall.client.consumer | Uploading video chunk | id=20260209_164917_929027_dee8f93e | file=monitor_1_2026-02-09_08-48-17.mp4 | size_mb=60.0 | monitor_id=1
16:49:18 | INFO    | openrecall.client.buffer | ✅ Committed: 20260209_164917_9290... | Remaining: 0 items
16:49:18 | INFO    | openrecall.client.consumer | 📤 Uploaded video chunk | file=monitor_1_2026-02-09_08-48-17.mp4 | size_mb=60.0 | monitor_id=1 | elapsed=0.13s | remaining=0
16:49:37 | INFO    | openrecall.client.video_recorder | Client status | state=recording | monitor_chunks=1:monitor_1_2026-02-09_08-49-17.mp4 | pending_uploads=0
16:49:58 | INFO    | openrecall.client.video_recorder | Client status | state=recording | monitor_chunks=1:monitor_1_2026-02-09_08-49-17.mp4 | pending_uploads=0
16:50:18 | INFO    | openrecall.client.video_recorder | Client status | state=recording | monitor_chunks=1:monitor_1_2026-02-09_08-49-17.mp4 | pending_uploads=0
16:50:18 | INFO    | openrecall.client.ffmpeg_manager | Video chunk recording started | file=monitor_1_2026-02-09_08-50-17.mp4 | monitor_id=1
16:50:18 | INFO    | openrecall.client.video_recorder | Video chunk recording ended | file=monitor_1_2026-02-09_08-49-17.mp4 | size_mb=65.3 | monitor_id=1
16:50:18 | INFO    | openrecall.client.buffer | Buffered file (video_chunk): monitor_1_2026-02-09_08-49-17.mp4 | Queue: 1 items
16:50:18 | INFO    | openrecall.client.video_recorder | Video chunk enqueued: monitor_1_2026-02-09_08-49-17.mp4 (65.3MB monitor_id=1)
16:50:19 | INFO    | openrecall.client.consumer | Dispatch buffered item | id=20260209_165018_216041_f16b97ce | item_type=video_chunk | target=upload_video_chunk
16:50:19 | INFO    | openrecall.client.consumer | Uploading video chunk | id=20260209_165018_216041_f16b97ce | file=monitor_1_2026-02-09_08-49-17.mp4 | size_mb=65.3 | monitor_id=1
16:50:19 | INFO    | openrecall.client.buffer | ✅ Committed: 20260209_165018_2160... | Remaining: 0 items
16:50:19 | INFO    | openrecall.client.consumer | 📤 Uploaded video chunk | file=monitor_1_2026-02-09_08-49-17.mp4 | size_mb=65.3 | monitor_id=1 | elapsed=0.15s | remaining=0
16:50:38 | INFO    | openrecall.client.video_recorder | Client status | state=recording | monitor_chunks=1:monitor_1_2026-02-09_08-50-17.mp4 | pending_uploads=0
16:50:58 | INFO    | openrecall.client.video_recorder | Client status | state=recording | monitor_chunks=1:monitor_1_2026-02-09_08-50-17.mp4 | pending_uploads=0
16:51:18 | INFO    | openrecall.client.video_recorder | Client status | state=recording | monitor_chunks=1:monitor_1_2026-02-09_08-50-17.mp4 | pending_uploads=0
16:51:18 | INFO    | openrecall.client.video_recorder | Video chunk recording ended | file=monitor_1_2026-02-09_08-50-17.mp4 | size_mb=63.9 | monitor_id=1
16:51:18 | INFO    | openrecall.client.buffer | Buffered file (video_chunk): monitor_1_2026-02-09_08-50-17.mp4 | Queue: 1 items
16:51:18 | INFO    | openrecall.client.video_recorder | Video chunk enqueued: monitor_1_2026-02-09_08-50-17.mp4 (63.9MB monitor_id=1)
16:51:18 | INFO    | openrecall.client.consumer | Dispatch buffered item | id=20260209_165118_515951_1476fc02 | item_type=video_chunk | target=upload_video_chunk
16:51:18 | INFO    | openrecall.client.consumer | Uploading video chunk | id=20260209_165118_515951_1476fc02 | file=monitor_1_2026-02-09_08-50-17.mp4 | size_mb=63.9 | monitor_id=1
16:51:18 | INFO    | openrecall.client.buffer | ✅ Committed: 20260209_165118_5159... | Remaining: 0 items
16:51:18 | INFO    | openrecall.client.consumer | 📤 Uploaded video chunk | file=monitor_1_2026-02-09_08-50-17.mp4 | size_mb=63.9 | monitor_id=1 | elapsed=0.16s | remaining=0
16:51:38 | INFO    | openrecall.client.video_recorder | Client status | state=recording | monitor_chunks=1:monitor_1_2026-02-09_08-50-17.mp4 | pending_uploads=0
16:51:58 | INFO    | openrecall.client.video_recorder | Client status | state=recording | monitor_chunks=1:monitor_1_2026-02-09_08-50-17.mp4 | pending_uploads=0
16:52:18 | INFO    | openrecall.client.video_recorder | Client status | state=recording | monitor_chunks=1:monitor_1_2026-02-09_08-50-17.mp4 | pending_uploads=0
16:52:38 | INFO    | openrecall.client.video_recorder | Client status | state=recording | monitor_chunks=1:monitor_1_2026-02-09_08-50-17.mp4 | pending_uploads=0
16:52:58 | INFO    | openrecall.client.video_recorder | Client status | state=recording | monitor_chunks=1:monitor_1_2026-02-09_08-50-17.mp4 | pending_uploads=0
16:53:18 | INFO    | openrecall.client.video_recorder | Client status | state=recording | monitor_chunks=1:monitor_1_2026-02-09_08-50-17.mp4 | pending_uploads=0
16:53:18 | ERROR   | openrecall.client.video_recorder | Stalled pipeline detected | monitor_id=1 | chunk=monitor_1_2026-02-09_08-50-17.mp4 | stagnant_for=180.2s | seconds_since_write=119.6s | write_stuck_for=0.8s | writer_alive=True | mode=segment | no_chunk_progress=True
16:53:18 | ERROR   | openrecall.client.video_recorder | Detected stalled monitor-id pipeline(s): 1; forcing SCK backend restart
16:53:19 | INFO    | openrecall.client.ffmpeg_manager | FFmpeg watchdog stopped
16:53:29 | WARNING | openrecall.client.ffmpeg_manager | FFmpeg did not stop gracefully, killing
16:53:29 | INFO    | openrecall.client.video_recorder | Selected monitors: 1
16:53:29 | INFO    | openrecall.client.ffmpeg_manager | Starting FFmpeg: ffmpeg -f rawvideo -pixel_format nv12 -video_size 1470x956 -framerate 30 -use_wallclock_as_timestamps 1 -color_range tv -i - -c:v h264_videotoolbox -pix_fmt yuv420p -allow_sw 1 -force_key_frames expr:gte(t,n_forced*60) -f segment -segment_time 60 -segment_format mp4 -segment_list /Users/tiiny/MRC/video_chunks/monitor_1/segments_1.csv -segment_list_type csv -reset_timestamps 1 -strftime 1 -y /Users/tiiny/MRC/video_chunks/monitor_1/monitor_1_%Y-%m-%d_%H-%M-%S.mp4
16:53:29 | INFO    | openrecall.client.ffmpeg_manager | FFmpeg watchdog started
16:53:29 | INFO    | openrecall.client.ffmpeg_manager | FFmpeg started (PID=5630)
16:53:29 | INFO    | openrecall.client.ffmpeg_manager | FFmpeg watchdog stopped
16:53:30 | INFO    | openrecall.client.video_recorder | Selected monitors: 1
16:53:30 | INFO    | openrecall.client.ffmpeg_manager | Starting FFmpeg: ffmpeg -f rawvideo -pixel_format nv12 -video_size 1470x956 -framerate 30 -use_wallclock_as_timestamps 1 -color_range tv -i - -c:v h264_videotoolbox -pix_fmt yuv420p -allow_sw 1 -force_key_frames expr:gte(t,n_forced*60) -f segment -segment_time 60 -segment_format mp4 -segment_list /Users/tiiny/MRC/video_chunks/monitor_1/segments_1.csv -segment_list_type csv -reset_timestamps 1 -strftime 1 -y /Users/tiiny/MRC/video_chunks/monitor_1/monitor_1_%Y-%m-%d_%H-%M-%S.mp4
16:53:30 | INFO    | openrecall.client.ffmpeg_manager | FFmpeg watchdog started
16:53:30 | INFO    | openrecall.client.ffmpeg_manager | FFmpeg started (PID=5633)
16:53:30 | INFO    | openrecall.client.ffmpeg_manager | Video chunk recording started | file=monitor_1_2026-02-09_08-53-30.mp4 | monitor_id=1
16:53:39 | INFO    | openrecall.client.video_recorder | Client status | state=recording | monitor_chunks=1:monitor_1_2026-02-09_08-53-30.mp4 | pending_uploads=0
16:53:59 | INFO    | openrecall.client.video_recorder | Client status | state=recording | monitor_chunks=1:monitor_1_2026-02-09_08-53-30.mp4 | pending_uploads=0
16:54:19 | INFO    | openrecall.client.video_recorder | Client status | state=recording | monitor_chunks=1:monitor_1_2026-02-09_08-53-30.mp4 | pending_uploads=0
16:54:31 | INFO    | openrecall.client.ffmpeg_manager | Video chunk recording started | file=monitor_1_2026-02-09_08-54-30.mp4 | monitor_id=1
16:54:39 | INFO    | openrecall.client.video_recorder | Client status | state=recording | monitor_chunks=1:monitor_1_2026-02-09_08-54-30.mp4 | pending_uploads=0
16:54:59 | INFO    | openrecall.client.video_recorder | Client status | state=recording | monitor_chunks=1:monitor_1_2026-02-09_08-54-30.mp4 | pending_uploads=0
16:55:19 | INFO    | openrecall.client.video_recorder | Client status | state=recording | monitor_chunks=1:monitor_1_2026-02-09_08-54-30.mp4 | pending_uploads=0
16:55:31 | INFO    | openrecall.client.ffmpeg_manager | Video chunk recording started | file=monitor_1_2026-02-09_08-55-30.mp4 | monitor_id=1
16:55:31 | INFO    | openrecall.client.video_recorder | Video chunk recording ended | file=monitor_1_2026-02-09_08-54-30.mp4 | size_mb=68.2 | monitor_id=1
16:55:31 | INFO    | openrecall.client.buffer | Buffered file (video_chunk): monitor_1_2026-02-09_08-54-30.mp4 | Queue: 1 items
16:55:31 | INFO    | openrecall.client.video_recorder | Video chunk enqueued: monitor_1_2026-02-09_08-54-30.mp4 (68.2MB monitor_id=1)
16:55:32 | INFO    | openrecall.client.consumer | Dispatch buffered item | id=20260209_165531_809348_7bdd6433 | item_type=video_chunk | target=upload_video_chunk
16:55:32 | INFO    | openrecall.client.consumer | Uploading video chunk | id=20260209_165531_809348_7bdd6433 | file=monitor_1_2026-02-09_08-54-30.mp4 | size_mb=68.2 | monitor_id=1
16:55:32 | INFO    | openrecall.client.buffer | ✅ Committed: 20260209_165531_8093... | Remaining: 0 items
16:55:32 | INFO    | openrecall.client.consumer | 📤 Uploaded video chunk | file=monitor_1_2026-02-09_08-54-30.mp4 | size_mb=68.2 | monitor_id=1 | elapsed=0.24s | remaining=0
16:55:39 | INFO    | openrecall.client.video_recorder | Client status | state=recording | monitor_chunks=1:monitor_1_2026-02-09_08-55-30.mp4 | pending_uploads=0
16:55:59 | INFO    | openrecall.client.video_recorder | Client status | state=recording | monitor_chunks=1:monitor_1_2026-02-09_08-55-30.mp4 | pending_uploads=0
16:56:19 | INFO    | openrecall.client.video_recorder | Client status | state=recording | monitor_chunks=1:monitor_1_2026-02-09_08-55-30.mp4 | pending_uploads=0
16:56:31 | INFO    | openrecall.client.ffmpeg_manager | Video chunk recording started | file=monitor_1_2026-02-09_08-56-30.mp4 | monitor_id=1
16:56:31 | INFO    | openrecall.client.video_recorder | Video chunk recording ended | file=monitor_1_2026-02-09_08-55-30.mp4 | size_mb=68.3 | monitor_id=1
16:56:31 | INFO    | openrecall.client.buffer | Buffered file (video_chunk): monitor_1_2026-02-09_08-55-30.mp4 | Queue: 1 items
16:56:31 | INFO    | openrecall.client.video_recorder | Video chunk enqueued: monitor_1_2026-02-09_08-55-30.mp4 (68.3MB monitor_id=1)
16:56:31 | INFO    | openrecall.client.consumer | Dispatch buffered item | id=20260209_165631_129832_0d3ad987 | item_type=video_chunk | target=upload_video_chunk
16:56:31 | INFO    | openrecall.client.consumer | Uploading video chunk | id=20260209_165631_129832_0d3ad987 | file=monitor_1_2026-02-09_08-55-30.mp4 | size_mb=68.3 | monitor_id=1
16:56:31 | INFO    | openrecall.client.buffer | ✅ Committed: 20260209_165631_1298... | Remaining: 0 items
16:56:31 | INFO    | openrecall.client.consumer | 📤 Uploaded video chunk | file=monitor_1_2026-02-09_08-55-30.mp4 | size_mb=68.3 | monitor_id=1 | elapsed=0.24s | remaining=0
16:56:40 | INFO    | openrecall.client.video_recorder | Client status | state=recording | monitor_chunks=1:monitor_1_2026-02-09_08-56-30.mp4 | pending_uploads=0
16:57:00 | INFO    | openrecall.client.video_recorder | Client status | state=recording | monitor_chunks=1:monitor_1_2026-02-09_08-56-30.mp4 | pending_uploads=0
16:57:20 | INFO    | openrecall.client.video_recorder | Client status | state=recording | monitor_chunks=1:monitor_1_2026-02-09_08-56-30.mp4 | pending_uploads=0
16:57:31 | INFO    | openrecall.client.ffmpeg_manager | Video chunk recording started | file=monitor_1_2026-02-09_08-57-30.mp4 | monitor_id=1
16:57:31 | INFO    | openrecall.client.video_recorder | Video chunk recording ended | file=monitor_1_2026-02-09_08-56-30.mp4 | size_mb=68.2 | monitor_id=1
16:57:31 | INFO    | openrecall.client.buffer | Buffered file (video_chunk): monitor_1_2026-02-09_08-56-30.mp4 | Queue: 1 items
16:57:31 | INFO    | openrecall.client.video_recorder | Video chunk enqueued: monitor_1_2026-02-09_08-56-30.mp4 (68.2MB monitor_id=1)
16:57:31 | INFO    | openrecall.client.consumer | Dispatch buffered item | id=20260209_165731_467394_25dfd29b | item_type=video_chunk | target=upload_video_chunk
16:57:31 | INFO    | openrecall.client.consumer | Uploading video chunk | id=20260209_165731_467394_25dfd29b | file=monitor_1_2026-02-09_08-56-30.mp4 | size_mb=68.2 | monitor_id=1
16:57:31 | INFO    | openrecall.client.buffer | ✅ Committed: 20260209_165731_4673... | Remaining: 0 items
16:57:31 | INFO    | openrecall.client.consumer | 📤 Uploaded video chunk | file=monitor_1_2026-02-09_08-56-30.mp4 | size_mb=68.2 | monitor_id=1 | elapsed=0.24s | remaining=0
16:57:40 | INFO    | openrecall.client.video_recorder | Client status | state=recording | monitor_chunks=1:monitor_1_2026-02-09_08-57-30.mp4 | pending_uploads=0
16:58:00 | INFO    | openrecall.client.video_recorder | Client status | state=recording | monitor_chunks=1:monitor_1_2026-02-09_08-57-30.mp4 | pending_uploads=0
16:58:20 | INFO    | openrecall.client.video_recorder | Client status | state=recording | monitor_chunks=1:monitor_1_2026-02-09_08-57-30.mp4 | pending_uploads=0
16:58:31 | INFO    | openrecall.client.video_recorder | Video chunk recording ended | file=monitor_1_2026-02-09_08-57-30.mp4 | size_mb=68.2 | monitor_id=1
16:58:31 | INFO    | openrecall.client.buffer | Buffered file (video_chunk): monitor_1_2026-02-09_08-57-30.mp4 | Queue: 1 items
16:58:31 | INFO    | openrecall.client.video_recorder | Video chunk enqueued: monitor_1_2026-02-09_08-57-30.mp4 (68.2MB monitor_id=1)
16:58:32 | INFO    | openrecall.client.consumer | Dispatch buffered item | id=20260209_165831_775201_ad95659f | item_type=video_chunk | target=upload_video_chunk
16:58:32 | INFO    | openrecall.client.consumer | Uploading video chunk | id=20260209_165831_775201_ad95659f | file=monitor_1_2026-02-09_08-57-30.mp4 | size_mb=68.2 | monitor_id=1
16:58:32 | INFO    | openrecall.client.buffer | ✅ Committed: 20260209_165831_7752... | Remaining: 0 items
16:58:32 | INFO    | openrecall.client.consumer | 📤 Uploaded video chunk | file=monitor_1_2026-02-09_08-57-30.mp4 | size_mb=68.2 | monitor_id=1 | elapsed=0.25s | remaining=0
16:58:40 | INFO    | openrecall.client.video_recorder | Client status | state=recording | monitor_chunks=1:monitor_1_2026-02-09_08-57-30.mp4 | pending_uploads=0
16:59:00 | INFO    | openrecall.client.video_recorder | Client status | state=recording | monitor_chunks=1:monitor_1_2026-02-09_08-57-30.mp4 | pending_uploads=0
16:59:20 | INFO    | openrecall.client.video_recorder | Client status | state=recording | monitor_chunks=1:monitor_1_2026-02-09_08-57-30.mp4 | pending_uploads=0
16:59:40 | INFO    | openrecall.client.video_recorder | Client status | state=recording | monitor_chunks=1:monitor_1_2026-02-09_08-57-30.mp4 | pending_uploads=0
17:00:00 | INFO    | openrecall.client.video_recorder | Client status | state=recording | monitor_chunks=1:monitor_1_2026-02-09_08-57-30.mp4 | pending_uploads=0
17:00:21 | INFO    | openrecall.client.video_recorder | Client status | state=recording | monitor_chunks=1:monitor_1_2026-02-09_08-57-30.mp4 | pending_uploads=0
17:00:32 | ERROR   | openrecall.client.video_recorder | Stalled pipeline detected | monitor_id=1 | chunk=monitor_1_2026-02-09_08-57-30.mp4 | stagnant_for=180.4s | seconds_since_write=117.5s | write_stuck_for=0.2s | writer_alive=True | mode=segment | no_chunk_progress=True
17:00:32 | ERROR   | openrecall.client.video_recorder | Detected stalled monitor-id pipeline(s): 1; forcing SCK backend restart
17:00:33 | INFO    | openrecall.client.ffmpeg_manager | FFmpeg watchdog stopped
17:00:43 | WARNING | openrecall.client.ffmpeg_manager | FFmpeg did not stop gracefully, killing
17:00:43 | INFO    | openrecall.client.video_recorder | Selected monitors: 1
17:00:43 | INFO    | openrecall.client.ffmpeg_manager | Starting FFmpeg: ffmpeg -f rawvideo -pixel_format nv12 -video_size 1470x956 -framerate 30 -use_wallclock_as_timestamps 1 -color_range tv -i - -c:v h264_videotoolbox -pix_fmt yuv420p -allow_sw 1 -force_key_frames expr:gte(t,n_forced*60) -f segment -segment_time 60 -segment_format mp4 -segment_list /Users/tiiny/MRC/video_chunks/monitor_1/segments_1.csv -segment_list_type csv -reset_timestamps 1 -strftime 1 -y /Users/tiiny/MRC/video_chunks/monitor_1/monitor_1_%Y-%m-%d_%H-%M-%S.mp4
17:00:43 | INFO    | openrecall.client.ffmpeg_manager | FFmpeg watchdog started
17:00:43 | INFO    | openrecall.client.ffmpeg_manager | FFmpeg started (PID=6024)
17:00:43 | INFO    | openrecall.client.ffmpeg_manager | FFmpeg watchdog stopped
17:00:43 | INFO    | openrecall.client.video_recorder | Selected monitors: 1
17:00:44 | INFO    | openrecall.client.ffmpeg_manager | Starting FFmpeg: ffmpeg -f rawvideo -pixel_format nv12 -video_size 1470x956 -framerate 30 -use_wallclock_as_timestamps 1 -color_range tv -i - -c:v h264_videotoolbox -pix_fmt yuv420p -allow_sw 1 -force_key_frames expr:gte(t,n_forced*60) -f segment -segment_time 60 -segment_format mp4 -segment_list /Users/tiiny/MRC/video_chunks/monitor_1/segments_1.csv -segment_list_type csv -reset_timestamps 1 -strftime 1 -y /Users/tiiny/MRC/video_chunks/monitor_1/monitor_1_%Y-%m-%d_%H-%M-%S.mp4
17:00:44 | INFO    | openrecall.client.ffmpeg_manager | FFmpeg watchdog started
17:00:44 | INFO    | openrecall.client.ffmpeg_manager | FFmpeg started (PID=6028)
17:00:44 | INFO    | openrecall.client.ffmpeg_manager | Video chunk recording started | file=monitor_1_2026-02-09_09-00-43.mp4 | monitor_id=1
17:00:45 | INFO    | openrecall.client.video_recorder | Client status | state=recording | monitor_chunks=1:monitor_1_2026-02-09_09-00-43.mp4 | pending_uploads=0
17:00:45 | INFO    | openrecall.client.ffmpeg_manager | Video chunk recording started | file=monitor_1_2026-02-09_09-00-44.mp4 | monitor_id=1
17:01:05 | INFO    | openrecall.client.video_recorder | Client status | state=recording | monitor_chunks=1:monitor_1_2026-02-09_09-00-44.mp4 | pending_uploads=0
17:01:25 | INFO    | openrecall.client.video_recorder | Client status | state=recording | monitor_chunks=1:monitor_1_2026-02-09_09-00-44.mp4 | pending_uploads=0
17:01:45 | INFO    | openrecall.client.ffmpeg_manager | Video chunk recording started | file=monitor_1_2026-02-09_09-01-44.mp4 | monitor_id=1
17:01:45 | INFO    | openrecall.client.video_recorder | Video chunk recording ended | file=monitor_1_2026-02-09_09-00-44.mp4 | size_mb=64.7 | monitor_id=1
17:01:45 | INFO    | openrecall.client.video_recorder | Client status | state=recording | monitor_chunks=1:monitor_1_2026-02-09_09-01-44.mp4 | pending_uploads=0
17:01:45 | INFO    | openrecall.client.buffer | Buffered file (video_chunk): monitor_1_2026-02-09_09-00-44.mp4 | Queue: 1 items
17:01:45 | INFO    | openrecall.client.video_recorder | Video chunk enqueued: monitor_1_2026-02-09_09-00-44.mp4 (64.7MB monitor_id=1)
17:01:46 | INFO    | openrecall.client.consumer | Dispatch buffered item | id=20260209_170145_399127_8e96b71b | item_type=video_chunk | target=upload_video_chunk
17:01:46 | INFO    | openrecall.client.consumer | Uploading video chunk | id=20260209_170145_399127_8e96b71b | file=monitor_1_2026-02-09_09-00-44.mp4 | size_mb=64.7 | monitor_id=1
17:01:46 | INFO    | openrecall.client.buffer | ✅ Committed: 20260209_170145_3991... | Remaining: 0 items
17:01:46 | INFO    | openrecall.client.consumer | 📤 Uploaded video chunk | file=monitor_1_2026-02-09_09-00-44.mp4 | size_mb=64.7 | monitor_id=1 | elapsed=0.28s | remaining=0
17:02:05 | INFO    | openrecall.client.video_recorder | Client status | state=recording | monitor_chunks=1:monitor_1_2026-02-09_09-01-44.mp4 | pending_uploads=0
17:02:25 | INFO    | openrecall.client.video_recorder | Client status | state=recording | monitor_chunks=1:monitor_1_2026-02-09_09-01-44.mp4 | pending_uploads=0
17:02:45 | INFO    | openrecall.client.video_recorder | Client status | state=recording | monitor_chunks=1:monitor_1_2026-02-09_09-01-44.mp4 | pending_uploads=0
17:02:45 | INFO    | openrecall.client.ffmpeg_manager | Video chunk recording started | file=monitor_1_2026-02-09_09-02-44.mp4 | monitor_id=1
17:02:45 | INFO    | openrecall.client.video_recorder | Video chunk recording ended | file=monitor_1_2026-02-09_09-01-44.mp4 | size_mb=68.2 | monitor_id=1
17:02:45 | INFO    | openrecall.client.buffer | Buffered file (video_chunk): monitor_1_2026-02-09_09-01-44.mp4 | Queue: 1 items
17:02:45 | INFO    | openrecall.client.video_recorder | Video chunk enqueued: monitor_1_2026-02-09_09-01-44.mp4 (68.2MB monitor_id=1)
17:02:46 | INFO    | openrecall.client.consumer | Dispatch buffered item | id=20260209_170245_717245_46fab4a9 | item_type=video_chunk | target=upload_video_chunk
17:02:46 | INFO    | openrecall.client.consumer | Uploading video chunk | id=20260209_170245_717245_46fab4a9 | file=monitor_1_2026-02-09_09-01-44.mp4 | size_mb=68.2 | monitor_id=1
17:02:46 | INFO    | openrecall.client.buffer | ✅ Committed: 20260209_170245_7172... | Remaining: 0 items
17:02:46 | INFO    | openrecall.client.consumer | 📤 Uploaded video chunk | file=monitor_1_2026-02-09_09-01-44.mp4 | size_mb=68.2 | monitor_id=1 | elapsed=0.21s | remaining=0
17:03:05 | INFO    | openrecall.client.video_recorder | Client status | state=recording | monitor_chunks=1:monitor_1_2026-02-09_09-02-44.mp4 | pending_uploads=0
17:03:25 | INFO    | openrecall.client.video_recorder | Client status | state=recording | monitor_chunks=1:monitor_1_2026-02-09_09-02-44.mp4 | pending_uploads=0
17:03:44 | INFO    | openrecall.client.ffmpeg_manager | Video chunk recording started | file=monitor_1_2026-02-09_09-03-44.mp4 | monitor_id=1
17:03:44 | INFO    | openrecall.client.video_recorder | Video chunk recording ended | file=monitor_1_2026-02-09_09-02-44.mp4 | size_mb=68.2 | monitor_id=1
17:03:45 | INFO    | openrecall.client.buffer | Buffered file (video_chunk): monitor_1_2026-02-09_09-02-44.mp4 | Queue: 1 items
17:03:45 | INFO    | openrecall.client.video_recorder | Video chunk enqueued: monitor_1_2026-02-09_09-02-44.mp4 (68.2MB monitor_id=1)
17:03:45 | INFO    | openrecall.client.consumer | Dispatch buffered item | id=20260209_170345_015557_e84575ef | item_type=video_chunk | target=upload_video_chunk
17:03:45 | INFO    | openrecall.client.consumer | Uploading video chunk | id=20260209_170345_015557_e84575ef | file=monitor_1_2026-02-09_09-02-44.mp4 | size_mb=68.2 | monitor_id=1
17:03:45 | INFO    | openrecall.client.buffer | ✅ Committed: 20260209_170345_0155... | Remaining: 0 items
17:03:45 | INFO    | openrecall.client.consumer | 📤 Uploaded video chunk | file=monitor_1_2026-02-09_09-02-44.mp4 | size_mb=68.2 | monitor_id=1 | elapsed=0.23s | remaining=0
17:03:45 | INFO    | openrecall.client.video_recorder | Client status | state=recording | monitor_chunks=1:monitor_1_2026-02-09_09-03-44.mp4 | pending_uploads=0
17:04:05 | INFO    | openrecall.client.video_recorder | Client status | state=recording | monitor_chunks=1:monitor_1_2026-02-09_09-03-44.mp4 | pending_uploads=0
17:04:26 | INFO    | openrecall.client.video_recorder | Client status | state=recording | monitor_chunks=1:monitor_1_2026-02-09_09-03-44.mp4 | pending_uploads=0
17:04:45 | INFO    | openrecall.client.ffmpeg_manager | Video chunk recording started | file=monitor_1_2026-02-09_09-04-44.mp4 | monitor_id=1
17:04:45 | INFO    | openrecall.client.video_recorder | Video chunk recording ended | file=monitor_1_2026-02-09_09-03-44.mp4 | size_mb=68.2 | monitor_id=1
17:04:45 | INFO    | openrecall.client.buffer | Buffered file (video_chunk): monitor_1_2026-02-09_09-03-44.mp4 | Queue: 1 items
17:04:45 | INFO    | openrecall.client.video_recorder | Video chunk enqueued: monitor_1_2026-02-09_09-03-44.mp4 (68.2MB monitor_id=1)
17:04:45 | INFO    | openrecall.client.consumer | Dispatch buffered item | id=20260209_170445_328779_492b0222 | item_type=video_chunk | target=upload_video_chunk
17:04:45 | INFO    | openrecall.client.consumer | Uploading video chunk | id=20260209_170445_328779_492b0222 | file=monitor_1_2026-02-09_09-03-44.mp4 | size_mb=68.2 | monitor_id=1
17:04:45 | INFO    | openrecall.client.buffer | ✅ Committed: 20260209_170445_3287... | Remaining: 0 items
17:04:45 | INFO    | openrecall.client.consumer | 📤 Uploaded video chunk | file=monitor_1_2026-02-09_09-03-44.mp4 | size_mb=68.2 | monitor_id=1 | elapsed=0.26s | remaining=0
17:04:46 | INFO    | openrecall.client.video_recorder | Client status | state=recording | monitor_chunks=1:monitor_1_2026-02-09_09-04-44.mp4 | pending_uploads=0
17:05:06 | INFO    | openrecall.client.video_recorder | Client status | state=recording | monitor_chunks=1:monitor_1_2026-02-09_09-04-44.mp4 | pending_uploads=0
17:05:26 | INFO    | openrecall.client.video_recorder | Client status | state=recording | monitor_chunks=1:monitor_1_2026-02-09_09-04-44.mp4 | pending_uploads=0
17:05:45 | INFO    | openrecall.client.video_recorder | Video chunk recording ended | file=monitor_1_2026-02-09_09-04-44.mp4 | size_mb=68.3 | monitor_id=1
17:05:45 | INFO    | openrecall.client.buffer | Buffered file (video_chunk): monitor_1_2026-02-09_09-04-44.mp4 | Queue: 1 items
17:05:45 | INFO    | openrecall.client.video_recorder | Video chunk enqueued: monitor_1_2026-02-09_09-04-44.mp4 (68.3MB monitor_id=1)
17:05:46 | INFO    | openrecall.client.consumer | Dispatch buffered item | id=20260209_170545_643748_cc448e58 | item_type=video_chunk | target=upload_video_chunk
17:05:46 | INFO    | openrecall.client.consumer | Uploading video chunk | id=20260209_170545_643748_cc448e58 | file=monitor_1_2026-02-09_09-04-44.mp4 | size_mb=68.3 | monitor_id=1
17:05:46 | INFO    | openrecall.client.buffer | ✅ Committed: 20260209_170545_6437... | Remaining: 0 items
17:05:46 | INFO    | openrecall.client.consumer | 📤 Uploaded video chunk | file=monitor_1_2026-02-09_09-04-44.mp4 | size_mb=68.3 | monitor_id=1 | elapsed=0.27s | remaining=0
17:05:46 | INFO    | openrecall.client.video_recorder | Client status | state=recording | monitor_chunks=1:monitor_1_2026-02-09_09-04-44.mp4 | pending_uploads=0
17:06:06 | INFO    | openrecall.client.video_recorder | Client status | state=recording | monitor_chunks=1:monitor_1_2026-02-09_09-04-44.mp4 | pending_uploads=0
17:06:26 | INFO    | openrecall.client.video_recorder | Client status | state=recording | monitor_chunks=1:monitor_1_2026-02-09_09-04-44.mp4 | pending_uploads=0
17:06:46 | INFO    | openrecall.client.video_recorder | Client status | state=recording | monitor_chunks=1:monitor_1_2026-02-09_09-04-44.mp4 | pending_uploads=0
17:07:06 | INFO    | openrecall.client.video_recorder | Client status | state=recording | monitor_chunks=1:monitor_1_2026-02-09_09-04-44.mp4 | pending_uploads=0
17:07:27 | INFO    | openrecall.client.video_recorder | Client status | state=recording | monitor_chunks=1:monitor_1_2026-02-09_09-04-44.mp4 | pending_uploads=0
17:07:46 | ERROR   | openrecall.client.video_recorder | Stalled pipeline detected | monitor_id=1 | chunk=monitor_1_2026-02-09_09-04-44.mp4 | stagnant_for=180.9s | seconds_since_write=118.1s | write_stuck_for=0.6s | writer_alive=True | mode=segment | no_chunk_progress=True
17:07:46 | ERROR   | openrecall.client.video_recorder | Detected stalled monitor-id pipeline(s): 1; forcing SCK backend restart
17:07:47 | INFO    | openrecall.client.video_recorder | Client status | state=recording | monitor_chunks=1:monitor_1_2026-02-09_09-04-44.mp4 | pending_uploads=0
17:07:47 | INFO    | openrecall.client.ffmpeg_manager | FFmpeg watchdog stopped
17:07:57 | WARNING | openrecall.client.ffmpeg_manager | FFmpeg did not stop gracefully, killing
17:07:57 | INFO    | openrecall.client.video_recorder | Selected monitors: 1
17:07:58 | INFO    | openrecall.client.ffmpeg_manager | Starting FFmpeg: ffmpeg -f rawvideo -pixel_format nv12 -video_size 1470x956 -framerate 30 -use_wallclock_as_timestamps 1 -color_range tv -i - -c:v h264_videotoolbox -pix_fmt yuv420p -allow_sw 1 -force_key_frames expr:gte(t,n_forced*60) -f segment -segment_time 60 -segment_format mp4 -segment_list /Users/tiiny/MRC/video_chunks/monitor_1/segments_1.csv -segment_list_type csv -reset_timestamps 1 -strftime 1 -y /Users/tiiny/MRC/video_chunks/monitor_1/monitor_1_%Y-%m-%d_%H-%M-%S.mp4
17:07:58 | INFO    | openrecall.client.ffmpeg_manager | FFmpeg watchdog started
17:07:58 | INFO    | openrecall.client.ffmpeg_manager | FFmpeg started (PID=6472)
17:07:58 | INFO    | openrecall.client.ffmpeg_manager | FFmpeg watchdog stopped
17:07:58 | INFO    | openrecall.client.video_recorder | Selected monitors: 1
17:07:58 | INFO    | openrecall.client.ffmpeg_manager | Starting FFmpeg: ffmpeg -f rawvideo -pixel_format nv12 -video_size 1470x956 -framerate 30 -use_wallclock_as_timestamps 1 -color_range tv -i - -c:v h264_videotoolbox -pix_fmt yuv420p -allow_sw 1 -force_key_frames expr:gte(t,n_forced*60) -f segment -segment_time 60 -segment_format mp4 -segment_list /Users/tiiny/MRC/video_chunks/monitor_1/segments_1.csv -segment_list_type csv -reset_timestamps 1 -strftime 1 -y /Users/tiiny/MRC/video_chunks/monitor_1/monitor_1_%Y-%m-%d_%H-%M-%S.mp4
17:07:58 | INFO    | openrecall.client.ffmpeg_manager | FFmpeg watchdog started
17:07:58 | INFO    | openrecall.client.ffmpeg_manager | FFmpeg started (PID=6474)
17:07:58 | INFO    | openrecall.client.ffmpeg_manager | Video chunk recording started | file=monitor_1_2026-02-09_09-07-58.mp4 | monitor_id=1
17:08:07 | INFO    | openrecall.client.video_recorder | Client status | state=recording | monitor_chunks=1:monitor_1_2026-02-09_09-07-58.mp4 | pending_uploads=0
17:08:27 | INFO    | openrecall.client.video_recorder | Client status | state=recording | monitor_chunks=1:monitor_1_2026-02-09_09-07-58.mp4 | pending_uploads=0
17:08:47 | INFO    | openrecall.client.video_recorder | Client status | state=recording | monitor_chunks=1:monitor_1_2026-02-09_09-07-58.mp4 | pending_uploads=0
17:08:59 | INFO    | openrecall.client.ffmpeg_manager | Video chunk recording started | file=monitor_1_2026-02-09_09-08-58.mp4 | monitor_id=1
17:09:07 | INFO    | openrecall.client.video_recorder | Client status | state=recording | monitor_chunks=1:monitor_1_2026-02-09_09-08-58.mp4 | pending_uploads=0
17:09:27 | INFO    | openrecall.client.video_recorder | Client status | state=recording | monitor_chunks=1:monitor_1_2026-02-09_09-08-58.mp4 | pending_uploads=0
17:09:47 | INFO    | openrecall.client.video_recorder | Client status | state=recording | monitor_chunks=1:monitor_1_2026-02-09_09-08-58.mp4 | pending_uploads=0
17:09:58 | INFO    | openrecall.client.ffmpeg_manager | Video chunk recording started | file=monitor_1_2026-02-09_09-09-58.mp4 | monitor_id=1
17:09:58 | INFO    | openrecall.client.video_recorder | Video chunk recording ended | file=monitor_1_2026-02-09_09-08-58.mp4 | size_mb=66.8 | monitor_id=1
17:09:59 | INFO    | openrecall.client.buffer | Buffered file (video_chunk): monitor_1_2026-02-09_09-08-58.mp4 | Queue: 1 items
17:09:59 | INFO    | openrecall.client.video_recorder | Video chunk enqueued: monitor_1_2026-02-09_09-08-58.mp4 (66.8MB monitor_id=1)
17:09:59 | INFO    | openrecall.client.consumer | Dispatch buffered item | id=20260209_170959_026195_5298c3dc | item_type=video_chunk | target=upload_video_chunk
17:09:59 | INFO    | openrecall.client.consumer | Uploading video chunk | id=20260209_170959_026195_5298c3dc | file=monitor_1_2026-02-09_09-08-58.mp4 | size_mb=66.8 | monitor_id=1
17:09:59 | INFO    | openrecall.client.buffer | ✅ Committed: 20260209_170959_0261... | Remaining: 0 items
17:09:59 | INFO    | openrecall.client.consumer | 📤 Uploaded video chunk | file=monitor_1_2026-02-09_09-08-58.mp4 | size_mb=66.8 | monitor_id=1 | elapsed=0.20s | remaining=0
17:10:08 | INFO    | openrecall.client.video_recorder | Client status | state=recording | monitor_chunks=1:monitor_1_2026-02-09_09-09-58.mp4 | pending_uploads=0
17:10:28 | INFO    | openrecall.client.video_recorder | Client status | state=recording | monitor_chunks=1:monitor_1_2026-02-09_09-09-58.mp4 | pending_uploads=0
17:10:48 | INFO    | openrecall.client.video_recorder | Client status | state=recording | monitor_chunks=1:monitor_1_2026-02-09_09-09-58.mp4 | pending_uploads=0
17:10:59 | INFO    | openrecall.client.ffmpeg_manager | Video chunk recording started | file=monitor_1_2026-02-09_09-10-58.mp4 | monitor_id=1
17:10:59 | INFO    | openrecall.client.video_recorder | Video chunk recording ended | file=monitor_1_2026-02-09_09-09-58.mp4 | size_mb=69.7 | monitor_id=1
17:10:59 | INFO    | openrecall.client.buffer | Buffered file (video_chunk): monitor_1_2026-02-09_09-09-58.mp4 | Queue: 1 items
17:10:59 | INFO    | openrecall.client.video_recorder | Video chunk enqueued: monitor_1_2026-02-09_09-09-58.mp4 (69.7MB monitor_id=1)
17:11:00 | INFO    | openrecall.client.consumer | Dispatch buffered item | id=20260209_171059_394944_324741d2 | item_type=video_chunk | target=upload_video_chunk
17:11:00 | INFO    | openrecall.client.consumer | Uploading video chunk | id=20260209_171059_394944_324741d2 | file=monitor_1_2026-02-09_09-09-58.mp4 | size_mb=69.7 | monitor_id=1
17:11:00 | INFO    | openrecall.client.buffer | ✅ Committed: 20260209_171059_3949... | Remaining: 0 items
17:11:00 | INFO    | openrecall.client.consumer | 📤 Uploaded video chunk | file=monitor_1_2026-02-09_09-09-58.mp4 | size_mb=69.7 | monitor_id=1 | elapsed=0.22s | remaining=0
17:11:08 | INFO    | openrecall.client.video_recorder | Client status | state=recording | monitor_chunks=1:monitor_1_2026-02-09_09-10-58.mp4 | pending_uploads=0
17:11:28 | INFO    | openrecall.client.video_recorder | Client status | state=recording | monitor_chunks=1:monitor_1_2026-02-09_09-10-58.mp4 | pending_uploads=0
17:11:48 | INFO    | openrecall.client.video_recorder | Client status | state=recording | monitor_chunks=1:monitor_1_2026-02-09_09-10-58.mp4 | pending_uploads=0
17:11:59 | INFO    | openrecall.client.ffmpeg_manager | Video chunk recording started | file=monitor_1_2026-02-09_09-11-58.mp4 | monitor_id=1
17:11:59 | INFO    | openrecall.client.video_recorder | Video chunk recording ended | file=monitor_1_2026-02-09_09-10-58.mp4 | size_mb=44.3 | monitor_id=1
17:11:59 | INFO    | openrecall.client.buffer | Buffered file (video_chunk): monitor_1_2026-02-09_09-10-58.mp4 | Queue: 1 items
17:11:59 | INFO    | openrecall.client.video_recorder | Video chunk enqueued: monitor_1_2026-02-09_09-10-58.mp4 (44.3MB monitor_id=1)
17:12:00 | INFO    | openrecall.client.consumer | Dispatch buffered item | id=20260209_171159_698966_cf2ef9a7 | item_type=video_chunk | target=upload_video_chunk
17:12:00 | INFO    | openrecall.client.consumer | Uploading video chunk | id=20260209_171159_698966_cf2ef9a7 | file=monitor_1_2026-02-09_09-10-58.mp4 | size_mb=44.3 | monitor_id=1
17:12:00 | INFO    | openrecall.client.buffer | ✅ Committed: 20260209_171159_6989... | Remaining: 0 items
17:12:00 | INFO    | openrecall.client.consumer | 📤 Uploaded video chunk | file=monitor_1_2026-02-09_09-10-58.mp4 | size_mb=44.3 | monitor_id=1 | elapsed=0.18s | remaining=0
17:12:08 | INFO    | openrecall.client.video_recorder | Client status | state=recording | monitor_chunks=1:monitor_1_2026-02-09_09-11-58.mp4 | pending_uploads=0
17:12:28 | INFO    | openrecall.client.video_recorder | Client status | state=recording | monitor_chunks=1:monitor_1_2026-02-09_09-11-58.mp4 | pending_uploads=0
17:12:48 | INFO    | openrecall.client.video_recorder | Client status | state=recording | monitor_chunks=1:monitor_1_2026-02-09_09-11-58.mp4 | pending_uploads=0
17:12:58 | INFO    | openrecall.client.video_recorder | Video chunk recording ended | file=monitor_1_2026-02-09_09-11-58.mp4 | size_mb=30.2 | monitor_id=1
17:12:58 | INFO    | openrecall.client.buffer | Buffered file (video_chunk): monitor_1_2026-02-09_09-11-58.mp4 | Queue: 1 items
17:12:58 | INFO    | openrecall.client.video_recorder | Video chunk enqueued: monitor_1_2026-02-09_09-11-58.mp4 (30.2MB monitor_id=1)
17:12:59 | INFO    | openrecall.client.consumer | Dispatch buffered item | id=20260209_171258_987052_eceb428e | item_type=video_chunk | target=upload_video_chunk
17:12:59 | INFO    | openrecall.client.consumer | Uploading video chunk | id=20260209_171258_987052_eceb428e | file=monitor_1_2026-02-09_09-11-58.mp4 | size_mb=30.2 | monitor_id=1
17:13:00 | INFO    | openrecall.client.buffer | ✅ Committed: 20260209_171258_9870... | Remaining: 0 items
17:13:00 | INFO    | openrecall.client.consumer | 📤 Uploaded video chunk | file=monitor_1_2026-02-09_09-11-58.mp4 | size_mb=30.2 | monitor_id=1 | elapsed=0.11s | remaining=0
17:13:08 | INFO    | openrecall.client.video_recorder | Client status | state=recording | monitor_chunks=1:monitor_1_2026-02-09_09-11-58.mp4 | pending_uploads=0
17:13:28 | INFO    | openrecall.client.video_recorder | Client status | state=recording | monitor_chunks=1:monitor_1_2026-02-09_09-11-58.mp4 | pending_uploads=0
17:13:49 | INFO    | openrecall.client.video_recorder | Client status | state=recording | monitor_chunks=1:monitor_1_2026-02-09_09-11-58.mp4 | pending_uploads=0
17:14:09 | INFO    | openrecall.client.video_recorder | Client status | state=recording | monitor_chunks=1:monitor_1_2026-02-09_09-11-58.mp4 | pending_uploads=0
17:14:29 | INFO    | openrecall.client.video_recorder | Client status | state=recording | monitor_chunks=1:monitor_1_2026-02-09_09-11-58.mp4 | pending_uploads=0
17:14:49 | INFO    | openrecall.client.video_recorder | Client status | state=recording | monitor_chunks=1:monitor_1_2026-02-09_09-11-58.mp4 | pending_uploads=0
17:15:00 | ERROR   | openrecall.client.video_recorder | Stalled pipeline detected | monitor_id=1 | chunk=monitor_1_2026-02-09_09-11-58.mp4 | stagnant_for=180.6s | seconds_since_write=120.8s | write_stuck_for=0.4s | writer_alive=True | mode=segment | no_chunk_progress=True
17:15:00 | ERROR   | openrecall.client.video_recorder | Detected stalled monitor-id pipeline(s): 1; forcing SCK backend restart
17:15:01 | INFO    | openrecall.client.ffmpeg_manager | FFmpeg watchdog stopped
17:15:11 | WARNING | openrecall.client.ffmpeg_manager | FFmpeg did not stop gracefully, killing
17:15:11 | INFO    | openrecall.client.video_recorder | Selected monitors: 1
17:15:12 | INFO    | openrecall.client.ffmpeg_manager | Starting FFmpeg: ffmpeg -f rawvideo -pixel_format nv12 -video_size 1470x956 -framerate 30 -use_wallclock_as_timestamps 1 -color_range tv -i - -c:v h264_videotoolbox -pix_fmt yuv420p -allow_sw 1 -force_key_frames expr:gte(t,n_forced*60) -f segment -segment_time 60 -segment_format mp4 -segment_list /Users/tiiny/MRC/video_chunks/monitor_1/segments_1.csv -segment_list_type csv -reset_timestamps 1 -strftime 1 -y /Users/tiiny/MRC/video_chunks/monitor_1/monitor_1_%Y-%m-%d_%H-%M-%S.mp4
17:15:12 | INFO    | openrecall.client.ffmpeg_manager | FFmpeg watchdog started
17:15:12 | INFO    | openrecall.client.ffmpeg_manager | FFmpeg started (PID=6840)
17:15:12 | INFO    | openrecall.client.ffmpeg_manager | FFmpeg watchdog stopped
17:15:12 | INFO    | openrecall.client.video_recorder | Selected monitors: 1
17:15:12 | INFO    | openrecall.client.ffmpeg_manager | Starting FFmpeg: ffmpeg -f rawvideo -pixel_format nv12 -video_size 1470x956 -framerate 30 -use_wallclock_as_timestamps 1 -color_range tv -i - -c:v h264_videotoolbox -pix_fmt yuv420p -allow_sw 1 -force_key_frames expr:gte(t,n_forced*60) -f segment -segment_time 60 -segment_format mp4 -segment_list /Users/tiiny/MRC/video_chunks/monitor_1/segments_1.csv -segment_list_type csv -reset_timestamps 1 -strftime 1 -y /Users/tiiny/MRC/video_chunks/monitor_1/monitor_1_%Y-%m-%d_%H-%M-%S.mp4
17:15:12 | INFO    | openrecall.client.ffmpeg_manager | FFmpeg watchdog started
17:15:12 | INFO    | openrecall.client.ffmpeg_manager | FFmpeg started (PID=6842)
17:15:12 | INFO    | openrecall.client.ffmpeg_manager | Video chunk recording started | file=monitor_1_2026-02-09_09-15-12.mp4 | monitor_id=1
17:15:13 | INFO    | openrecall.client.video_recorder | Client status | state=recording | monitor_chunks=1:monitor_1_2026-02-09_09-15-12.mp4 | pending_uploads=0
17:15:33 | INFO    | openrecall.client.video_recorder | Client status | state=recording | monitor_chunks=1:monitor_1_2026-02-09_09-15-12.mp4 | pending_uploads=0
17:15:53 | INFO    | openrecall.client.video_recorder | Client status | state=recording | monitor_chunks=1:monitor_1_2026-02-09_09-15-12.mp4 | pending_uploads=0
17:16:13 | INFO    | openrecall.client.ffmpeg_manager | Video chunk recording started | file=monitor_1_2026-02-09_09-16-12.mp4 | monitor_id=1
17:16:13 | INFO    | openrecall.client.video_recorder | Client status | state=recording | monitor_chunks=1:monitor_1_2026-02-09_09-16-12.mp4 | pending_uploads=0
17:16:33 | INFO    | openrecall.client.video_recorder | Client status | state=recording | monitor_chunks=1:monitor_1_2026-02-09_09-16-12.mp4 | pending_uploads=0
17:16:53 | INFO    | openrecall.client.video_recorder | Client status | state=recording | monitor_chunks=1:monitor_1_2026-02-09_09-16-12.mp4 | pending_uploads=0
17:17:13 | INFO    | openrecall.client.ffmpeg_manager | Video chunk recording started | file=monitor_1_2026-02-09_09-17-12.mp4 | monitor_id=1
17:17:13 | INFO    | openrecall.client.video_recorder | Video chunk recording ended | file=monitor_1_2026-02-09_09-16-12.mp4 | size_mb=30.7 | monitor_id=1
17:17:13 | INFO    | openrecall.client.buffer | Buffered file (video_chunk): monitor_1_2026-02-09_09-16-12.mp4 | Queue: 1 items
17:17:13 | INFO    | openrecall.client.video_recorder | Video chunk enqueued: monitor_1_2026-02-09_09-16-12.mp4 (30.7MB monitor_id=1)
17:17:13 | INFO    | openrecall.client.consumer | Dispatch buffered item | id=20260209_171713_062206_008baf00 | item_type=video_chunk | target=upload_video_chunk
17:17:13 | INFO    | openrecall.client.consumer | Uploading video chunk | id=20260209_171713_062206_008baf00 | file=monitor_1_2026-02-09_09-16-12.mp4 | size_mb=30.7 | monitor_id=1
17:17:13 | INFO    | openrecall.client.buffer | ✅ Committed: 20260209_171713_0622... | Remaining: 0 items
17:17:13 | INFO    | openrecall.client.consumer | 📤 Uploaded video chunk | file=monitor_1_2026-02-09_09-16-12.mp4 | size_mb=30.7 | monitor_id=1 | elapsed=0.13s | remaining=0
17:17:14 | INFO    | openrecall.client.video_recorder | Client status | state=recording | monitor_chunks=1:monitor_1_2026-02-09_09-17-12.mp4 | pending_uploads=0
17:17:34 | INFO    | openrecall.client.video_recorder | Client status | state=recording | monitor_chunks=1:monitor_1_2026-02-09_09-17-12.mp4 | pending_uploads=0
17:17:54 | INFO    | openrecall.client.video_recorder | Client status | state=recording | monitor_chunks=1:monitor_1_2026-02-09_09-17-12.mp4 | pending_uploads=0
17:18:13 | INFO    | openrecall.client.ffmpeg_manager | Video chunk recording started | file=monitor_1_2026-02-09_09-18-12.mp4 | monitor_id=1
17:18:13 | INFO    | openrecall.client.video_recorder | Video chunk recording ended | file=monitor_1_2026-02-09_09-17-12.mp4 | size_mb=31.3 | monitor_id=1
17:18:13 | INFO    | openrecall.client.buffer | Buffered file (video_chunk): monitor_1_2026-02-09_09-17-12.mp4 | Queue: 1 items
17:18:13 | INFO    | openrecall.client.video_recorder | Video chunk enqueued: monitor_1_2026-02-09_09-17-12.mp4 (31.3MB monitor_id=1)
17:18:13 | INFO    | openrecall.client.consumer | Dispatch buffered item | id=20260209_171813_561843_d1e2763f | item_type=video_chunk | target=upload_video_chunk
17:18:13 | INFO    | openrecall.client.consumer | Uploading video chunk | id=20260209_171813_561843_d1e2763f | file=monitor_1_2026-02-09_09-17-12.mp4 | size_mb=31.3 | monitor_id=1
17:18:13 | INFO    | openrecall.client.buffer | ✅ Committed: 20260209_171813_5618... | Remaining: 0 items
17:18:13 | INFO    | openrecall.client.consumer | 📤 Uploaded video chunk | file=monitor_1_2026-02-09_09-17-12.mp4 | size_mb=31.3 | monitor_id=1 | elapsed=0.10s | remaining=0
17:18:14 | INFO    | openrecall.client.video_recorder | Client status | state=recording | monitor_chunks=1:monitor_1_2026-02-09_09-18-12.mp4 | pending_uploads=0
17:18:34 | INFO    | openrecall.client.video_recorder | Client status | state=recording | monitor_chunks=1:monitor_1_2026-02-09_09-18-12.mp4 | pending_uploads=0
17:18:54 | INFO    | openrecall.client.video_recorder | Client status | state=recording | monitor_chunks=1:monitor_1_2026-02-09_09-18-12.mp4 | pending_uploads=0
17:19:13 | INFO    | openrecall.client.ffmpeg_manager | Video chunk recording started | file=monitor_1_2026-02-09_09-19-12.mp4 | monitor_id=1
17:19:13 | INFO    | openrecall.client.video_recorder | Video chunk recording ended | file=monitor_1_2026-02-09_09-18-12.mp4 | size_mb=31.7 | monitor_id=1
17:19:13 | INFO    | openrecall.client.buffer | Buffered file (video_chunk): monitor_1_2026-02-09_09-18-12.mp4 | Queue: 1 items
17:19:13 | INFO    | openrecall.client.video_recorder | Video chunk enqueued: monitor_1_2026-02-09_09-18-12.mp4 (31.7MB monitor_id=1)
17:19:13 | INFO    | openrecall.client.consumer | Dispatch buffered item | id=20260209_171913_081613_4a443b89 | item_type=video_chunk | target=upload_video_chunk
17:19:13 | INFO    | openrecall.client.consumer | Uploading video chunk | id=20260209_171913_081613_4a443b89 | file=monitor_1_2026-02-09_09-18-12.mp4 | size_mb=31.7 | monitor_id=1
17:19:13 | INFO    | openrecall.client.buffer | ✅ Committed: 20260209_171913_0816... | Remaining: 0 items
17:19:13 | INFO    | openrecall.client.consumer | 📤 Uploaded video chunk | file=monitor_1_2026-02-09_09-18-12.mp4 | size_mb=31.7 | monitor_id=1 | elapsed=0.08s | remaining=0
17:19:15 | INFO    | openrecall.client.video_recorder | Client status | state=recording | monitor_chunks=1:monitor_1_2026-02-09_09-19-12.mp4 | pending_uploads=0
17:19:35 | INFO    | openrecall.client.video_recorder | Client status | state=recording | monitor_chunks=1:monitor_1_2026-02-09_09-19-12.mp4 | pending_uploads=0
17:19:55 | INFO    | openrecall.client.video_recorder | Client status | state=recording | monitor_chunks=1:monitor_1_2026-02-09_09-19-12.mp4 | pending_uploads=0
17:20:13 | INFO    | openrecall.client.video_recorder | Video chunk recording ended | file=monitor_1_2026-02-09_09-19-12.mp4 | size_mb=32.2 | monitor_id=1
17:20:13 | INFO    | openrecall.client.buffer | Buffered file (video_chunk): monitor_1_2026-02-09_09-19-12.mp4 | Queue: 1 items
17:20:13 | INFO    | openrecall.client.video_recorder | Video chunk enqueued: monitor_1_2026-02-09_09-19-12.mp4 (32.2MB monitor_id=1)
17:20:13 | INFO    | openrecall.client.consumer | Dispatch buffered item | id=20260209_172013_620668_3055fbc4 | item_type=video_chunk | target=upload_video_chunk
17:20:13 | INFO    | openrecall.client.consumer | Uploading video chunk | id=20260209_172013_620668_3055fbc4 | file=monitor_1_2026-02-09_09-19-12.mp4 | size_mb=32.2 | monitor_id=1
17:20:14 | INFO    | openrecall.client.buffer | ✅ Committed: 20260209_172013_6206... | Remaining: 0 items
17:20:14 | INFO    | openrecall.client.consumer | 📤 Uploaded video chunk | file=monitor_1_2026-02-09_09-19-12.mp4 | size_mb=32.2 | monitor_id=1 | elapsed=0.09s | remaining=0
17:20:15 | INFO    | openrecall.client.video_recorder | Client status | state=recording | monitor_chunks=1:monitor_1_2026-02-09_09-19-12.mp4 | pending_uploads=0
17:20:35 | INFO    | openrecall.client.video_recorder | Client status | state=recording | monitor_chunks=1:monitor_1_2026-02-09_09-19-12.mp4 | pending_uploads=0
17:20:55 | INFO    | openrecall.client.video_recorder | Client status | state=recording | monitor_chunks=1:monitor_1_2026-02-09_09-19-12.mp4 | pending_uploads=0
17:21:16 | INFO    | openrecall.client.video_recorder | Client status | state=recording | monitor_chunks=1:monitor_1_2026-02-09_09-19-12.mp4 | pending_uploads=0
17:21:36 | INFO    | openrecall.client.video_recorder | Client status | state=recording | monitor_chunks=1:monitor_1_2026-02-09_09-19-12.mp4 | pending_uploads=0
17:21:56 | INFO    | openrecall.client.video_recorder | Client status | state=recording | monitor_chunks=1:monitor_1_2026-02-09_09-19-12.mp4 | pending_uploads=0
17:22:13 | ERROR   | openrecall.client.video_recorder | Stalled pipeline detected | monitor_id=1 | chunk=monitor_1_2026-02-09_09-19-12.mp4 | stagnant_for=180.3s | seconds_since_write=118.5s | write_stuck_for=1.1s | writer_alive=True | mode=segment | no_chunk_progress=True
17:22:13 | ERROR   | openrecall.client.video_recorder | Detected stalled monitor-id pipeline(s): 1; forcing SCK backend restart
17:22:13 | INFO    | openrecall.client.ffmpeg_manager | FFmpeg watchdog stopped
17:22:23 | WARNING | openrecall.client.ffmpeg_manager | FFmpeg did not stop gracefully, killing
17:22:23 | INFO    | openrecall.client.video_recorder | Selected monitors: 1
17:22:23 | INFO    | openrecall.client.ffmpeg_manager | Starting FFmpeg: ffmpeg -f rawvideo -pixel_format nv12 -video_size 1470x956 -framerate 30 -use_wallclock_as_timestamps 1 -color_range tv -i - -c:v h264_videotoolbox -pix_fmt yuv420p -allow_sw 1 -force_key_frames expr:gte(t,n_forced*60) -f segment -segment_time 60 -segment_format mp4 -segment_list /Users/tiiny/MRC/video_chunks/monitor_1/segments_1.csv -segment_list_type csv -reset_timestamps 1 -strftime 1 -y /Users/tiiny/MRC/video_chunks/monitor_1/monitor_1_%Y-%m-%d_%H-%M-%S.mp4
17:22:23 | INFO    | openrecall.client.ffmpeg_manager | FFmpeg watchdog started
17:22:23 | INFO    | openrecall.client.ffmpeg_manager | FFmpeg started (PID=7241)
17:22:23 | INFO    | openrecall.client.ffmpeg_manager | FFmpeg watchdog stopped
17:22:24 | INFO    | openrecall.client.video_recorder | Selected monitors: 1
17:22:24 | INFO    | openrecall.client.ffmpeg_manager | Starting FFmpeg: ffmpeg -f rawvideo -pixel_format nv12 -video_size 1470x956 -framerate 30 -use_wallclock_as_timestamps 1 -color_range tv -i - -c:v h264_videotoolbox -pix_fmt yuv420p -allow_sw 1 -force_key_frames expr:gte(t,n_forced*60) -f segment -segment_time 60 -segment_format mp4 -segment_list /Users/tiiny/MRC/video_chunks/monitor_1/segments_1.csv -segment_list_type csv -reset_timestamps 1 -strftime 1 -y /Users/tiiny/MRC/video_chunks/monitor_1/monitor_1_%Y-%m-%d_%H-%M-%S.mp4
17:22:24 | INFO    | openrecall.client.ffmpeg_manager | FFmpeg watchdog started
17:22:24 | INFO    | openrecall.client.ffmpeg_manager | FFmpeg started (PID=7243)
17:22:24 | INFO    | openrecall.client.ffmpeg_manager | Video chunk recording started | file=monitor_1_2026-02-09_09-22-24.mp4 | monitor_id=1
17:22:25 | INFO    | openrecall.client.video_recorder | Client status | state=recording | monitor_chunks=1:monitor_1_2026-02-09_09-22-24.mp4 | pending_uploads=0
17:22:45 | INFO    | openrecall.client.video_recorder | Client status | state=recording | monitor_chunks=1:monitor_1_2026-02-09_09-22-24.mp4 | pending_uploads=0
17:23:05 | INFO    | openrecall.client.video_recorder | Client status | state=recording | monitor_chunks=1:monitor_1_2026-02-09_09-22-24.mp4 | pending_uploads=0
17:23:25 | INFO    | openrecall.client.video_recorder | Client status | state=recording | monitor_chunks=1:monitor_1_2026-02-09_09-22-24.mp4 | pending_uploads=0
17:23:25 | INFO    | openrecall.client.ffmpeg_manager | Video chunk recording started | file=monitor_1_2026-02-09_09-23-24.mp4 | monitor_id=1
17:23:45 | INFO    | openrecall.client.video_recorder | Client status | state=recording | monitor_chunks=1:monitor_1_2026-02-09_09-23-24.mp4 | pending_uploads=0
17:24:06 | INFO    | openrecall.client.video_recorder | Client status | state=recording | monitor_chunks=1:monitor_1_2026-02-09_09-23-24.mp4 | pending_uploads=0
17:24:25 | INFO    | openrecall.client.ffmpeg_manager | Video chunk recording started | file=monitor_1_2026-02-09_09-24-24.mp4 | monitor_id=1
17:24:25 | INFO    | openrecall.client.video_recorder | Video chunk recording ended | file=monitor_1_2026-02-09_09-23-24.mp4 | size_mb=32.9 | monitor_id=1
17:24:25 | INFO    | openrecall.client.buffer | Buffered file (video_chunk): monitor_1_2026-02-09_09-23-24.mp4 | Queue: 1 items
17:24:25 | INFO    | openrecall.client.video_recorder | Video chunk enqueued: monitor_1_2026-02-09_09-23-24.mp4 (32.9MB monitor_id=1)
17:24:25 | INFO    | openrecall.client.consumer | Dispatch buffered item | id=20260209_172425_294615_76edb9b8 | item_type=video_chunk | target=upload_video_chunk
17:24:25 | INFO    | openrecall.client.consumer | Uploading video chunk | id=20260209_172425_294615_76edb9b8 | file=monitor_1_2026-02-09_09-23-24.mp4 | size_mb=32.9 | monitor_id=1
17:24:25 | INFO    | openrecall.client.buffer | ✅ Committed: 20260209_172425_2946... | Remaining: 0 items
17:24:25 | INFO    | openrecall.client.consumer | 📤 Uploaded video chunk | file=monitor_1_2026-02-09_09-23-24.mp4 | size_mb=32.9 | monitor_id=1 | elapsed=0.09s | remaining=0
17:24:26 | INFO    | openrecall.client.video_recorder | Client status | state=recording | monitor_chunks=1:monitor_1_2026-02-09_09-24-24.mp4 | pending_uploads=0
17:24:46 | INFO    | openrecall.client.video_recorder | Client status | state=recording | monitor_chunks=1:monitor_1_2026-02-09_09-24-24.mp4 | pending_uploads=0
17:25:06 | INFO    | openrecall.client.video_recorder | Client status | state=recording | monitor_chunks=1:monitor_1_2026-02-09_09-24-24.mp4 | pending_uploads=0
17:25:25 | INFO    | openrecall.client.ffmpeg_manager | Video chunk recording started | file=monitor_1_2026-02-09_09-25-24.mp4 | monitor_id=1
17:25:25 | INFO    | openrecall.client.video_recorder | Video chunk recording ended | file=monitor_1_2026-02-09_09-24-24.mp4 | size_mb=33.5 | monitor_id=1
17:25:25 | INFO    | openrecall.client.buffer | Buffered file (video_chunk): monitor_1_2026-02-09_09-24-24.mp4 | Queue: 1 items
17:25:25 | INFO    | openrecall.client.video_recorder | Video chunk enqueued: monitor_1_2026-02-09_09-24-24.mp4 (33.5MB monitor_id=1)
17:25:26 | INFO    | openrecall.client.consumer | Dispatch buffered item | id=20260209_172525_858843_1b826327 | item_type=video_chunk | target=upload_video_chunk
17:25:26 | INFO    | openrecall.client.consumer | Uploading video chunk | id=20260209_172525_858843_1b826327 | file=monitor_1_2026-02-09_09-24-24.mp4 | size_mb=33.5 | monitor_id=1
17:25:26 | INFO    | openrecall.client.buffer | ✅ Committed: 20260209_172525_8588... | Remaining: 0 items
17:25:26 | INFO    | openrecall.client.consumer | 📤 Uploaded video chunk | file=monitor_1_2026-02-09_09-24-24.mp4 | size_mb=33.5 | monitor_id=1 | elapsed=0.09s | remaining=0
17:25:26 | INFO    | openrecall.client.video_recorder | Client status | state=recording | monitor_chunks=1:monitor_1_2026-02-09_09-25-24.mp4 | pending_uploads=0
17:25:46 | INFO    | openrecall.client.video_recorder | Client status | state=recording | monitor_chunks=1:monitor_1_2026-02-09_09-25-24.mp4 | pending_uploads=0
17:26:07 | INFO    | openrecall.client.video_recorder | Client status | state=recording | monitor_chunks=1:monitor_1_2026-02-09_09-25-24.mp4 | pending_uploads=0
17:26:25 | INFO    | openrecall.client.ffmpeg_manager | Video chunk recording started | file=monitor_1_2026-02-09_09-26-24.mp4 | monitor_id=1
17:26:25 | INFO    | openrecall.client.video_recorder | Video chunk recording ended | file=monitor_1_2026-02-09_09-25-24.mp4 | size_mb=34.0 | monitor_id=1
17:26:25 | INFO    | openrecall.client.buffer | Buffered file (video_chunk): monitor_1_2026-02-09_09-25-24.mp4 | Queue: 1 items
17:26:25 | INFO    | openrecall.client.video_recorder | Video chunk enqueued: monitor_1_2026-02-09_09-25-24.mp4 (34.0MB monitor_id=1)
17:26:26 | INFO    | openrecall.client.consumer | Dispatch buffered item | id=20260209_172625_358013_1b901ffe | item_type=video_chunk | target=upload_video_chunk
17:26:26 | INFO    | openrecall.client.consumer | Uploading video chunk | id=20260209_172625_358013_1b901ffe | file=monitor_1_2026-02-09_09-25-24.mp4 | size_mb=34.0 | monitor_id=1
17:26:26 | INFO    | openrecall.client.buffer | ✅ Committed: 20260209_172625_3580... | Remaining: 0 items
17:26:26 | INFO    | openrecall.client.consumer | 📤 Uploaded video chunk | file=monitor_1_2026-02-09_09-25-24.mp4 | size_mb=34.0 | monitor_id=1 | elapsed=0.09s | remaining=0
17:26:27 | INFO    | openrecall.client.video_recorder | Client status | state=recording | monitor_chunks=1:monitor_1_2026-02-09_09-26-24.mp4 | pending_uploads=0
17:26:47 | INFO    | openrecall.client.video_recorder | Client status | state=recording | monitor_chunks=1:monitor_1_2026-02-09_09-26-24.mp4 | pending_uploads=0
17:27:07 | INFO    | openrecall.client.video_recorder | Client status | state=recording | monitor_chunks=1:monitor_1_2026-02-09_09-26-24.mp4 | pending_uploads=0
17:27:25 | INFO    | openrecall.client.video_recorder | Video chunk recording ended | file=monitor_1_2026-02-09_09-26-24.mp4 | size_mb=34.3 | monitor_id=1
17:27:25 | INFO    | openrecall.client.buffer | Buffered file (video_chunk): monitor_1_2026-02-09_09-26-24.mp4 | Queue: 1 items
17:27:25 | INFO    | openrecall.client.video_recorder | Video chunk enqueued: monitor_1_2026-02-09_09-26-24.mp4 (34.3MB monitor_id=1)
17:27:26 | INFO    | openrecall.client.consumer | Dispatch buffered item | id=20260209_172725_894934_b45d1e5e | item_type=video_chunk | target=upload_video_chunk
17:27:26 | INFO    | openrecall.client.consumer | Uploading video chunk | id=20260209_172725_894934_b45d1e5e | file=monitor_1_2026-02-09_09-26-24.mp4 | size_mb=34.3 | monitor_id=1
17:27:26 | INFO    | openrecall.client.buffer | ✅ Committed: 20260209_172725_8949... | Remaining: 0 items
17:27:26 | INFO    | openrecall.client.consumer | 📤 Uploaded video chunk | file=monitor_1_2026-02-09_09-26-24.mp4 | size_mb=34.3 | monitor_id=1 | elapsed=0.11s | remaining=0
17:27:27 | INFO    | openrecall.client.video_recorder | Client status | state=recording | monitor_chunks=1:monitor_1_2026-02-09_09-26-24.mp4 | pending_uploads=0
17:27:47 | INFO    | openrecall.client.video_recorder | Client status | state=recording | monitor_chunks=1:monitor_1_2026-02-09_09-26-24.mp4 | pending_uploads=0
17:28:08 | INFO    | openrecall.client.video_recorder | Client status | state=recording | monitor_chunks=1:monitor_1_2026-02-09_09-26-24.mp4 | pending_uploads=0
17:28:28 | INFO    | openrecall.client.video_recorder | Client status | state=recording | monitor_chunks=1:monitor_1_2026-02-09_09-26-24.mp4 | pending_uploads=0
17:28:48 | INFO    | openrecall.client.video_recorder | Client status | state=recording | monitor_chunks=1:monitor_1_2026-02-09_09-26-24.mp4 | pending_uploads=0
17:29:08 | INFO    | openrecall.client.video_recorder | Client status | state=recording | monitor_chunks=1:monitor_1_2026-02-09_09-26-24.mp4 | pending_uploads=0
17:29:26 | ERROR   | openrecall.client.video_recorder | Stalled pipeline detected | monitor_id=1 | chunk=monitor_1_2026-02-09_09-26-24.mp4 | stagnant_for=180.1s | seconds_since_write=119.2s | write_stuck_for=1.5s | writer_alive=True | mode=segment | no_chunk_progress=True
17:29:26 | ERROR   | openrecall.client.video_recorder | Detected stalled monitor-id pipeline(s): 1; forcing SCK backend restart
17:29:27 | INFO    | openrecall.client.ffmpeg_manager | FFmpeg watchdog stopped
17:29:37 | WARNING | openrecall.client.ffmpeg_manager | FFmpeg did not stop gracefully, killing
17:29:37 | INFO    | openrecall.client.video_recorder | Selected monitors: 1
17:29:37 | INFO    | openrecall.client.ffmpeg_manager | Starting FFmpeg: ffmpeg -f rawvideo -pixel_format nv12 -video_size 1470x956 -framerate 30 -use_wallclock_as_timestamps 1 -color_range tv -i - -c:v h264_videotoolbox -pix_fmt yuv420p -allow_sw 1 -force_key_frames expr:gte(t,n_forced*60) -f segment -segment_time 60 -segment_format mp4 -segment_list /Users/tiiny/MRC/video_chunks/monitor_1/segments_1.csv -segment_list_type csv -reset_timestamps 1 -strftime 1 -y /Users/tiiny/MRC/video_chunks/monitor_1/monitor_1_%Y-%m-%d_%H-%M-%S.mp4
17:29:37 | INFO    | openrecall.client.ffmpeg_manager | FFmpeg watchdog started
17:29:37 | INFO    | openrecall.client.ffmpeg_manager | FFmpeg started (PID=7605)
17:29:37 | INFO    | openrecall.client.ffmpeg_manager | FFmpeg watchdog stopped
17:29:38 | INFO    | openrecall.client.video_recorder | Selected monitors: 1
17:29:38 | INFO    | openrecall.client.ffmpeg_manager | Starting FFmpeg: ffmpeg -f rawvideo -pixel_format nv12 -video_size 1470x956 -framerate 30 -use_wallclock_as_timestamps 1 -color_range tv -i - -c:v h264_videotoolbox -pix_fmt yuv420p -allow_sw 1 -force_key_frames expr:gte(t,n_forced*60) -f segment -segment_time 60 -segment_format mp4 -segment_list /Users/tiiny/MRC/video_chunks/monitor_1/segments_1.csv -segment_list_type csv -reset_timestamps 1 -strftime 1 -y /Users/tiiny/MRC/video_chunks/monitor_1/monitor_1_%Y-%m-%d_%H-%M-%S.mp4
17:29:38 | INFO    | openrecall.client.ffmpeg_manager | FFmpeg watchdog started
17:29:38 | INFO    | openrecall.client.ffmpeg_manager | FFmpeg started (PID=7607)
17:29:38 | INFO    | openrecall.client.ffmpeg_manager | Video chunk recording started | file=monitor_1_2026-02-09_09-29-38.mp4 | monitor_id=1
17:29:39 | INFO    | openrecall.client.video_recorder | Client status | state=recording | monitor_chunks=1:monitor_1_2026-02-09_09-29-38.mp4 | pending_uploads=0
17:29:59 | INFO    | openrecall.client.video_recorder | Client status | state=recording | monitor_chunks=1:monitor_1_2026-02-09_09-29-38.mp4 | pending_uploads=0
17:30:19 | INFO    | openrecall.client.video_recorder | Client status | state=recording | monitor_chunks=1:monitor_1_2026-02-09_09-29-38.mp4 | pending_uploads=0
17:30:39 | INFO    | openrecall.client.ffmpeg_manager | Video chunk recording started | file=monitor_1_2026-02-09_09-30-38.mp4 | monitor_id=1
17:30:39 | INFO    | openrecall.client.video_recorder | Client status | state=recording | monitor_chunks=1:monitor_1_2026-02-09_09-30-38.mp4 | pending_uploads=0
17:30:59 | INFO    | openrecall.client.video_recorder | Client status | state=recording | monitor_chunks=1:monitor_1_2026-02-09_09-30-38.mp4 | pending_uploads=0
17:31:19 | INFO    | openrecall.client.video_recorder | Client status | state=recording | monitor_chunks=1:monitor_1_2026-02-09_09-30-38.mp4 | pending_uploads=0
