10:53:54 | DEBUG   | asyncio | Using selector: KqueueSelector
10:53:58 | INFO    | openrecall.server | ==================================================
10:53:58 | INFO    | openrecall.server | OpenRecall Server Starting
10:53:58 | INFO    | openrecall.server | ==================================================
10:53:58 | INFO    | openrecall.server | Debug mode: ON
10:53:58 | INFO    | openrecall.server | Data folder: /Users/pyw/MRS
10:53:58 | INFO    | openrecall.server | Cache folder: /Users/pyw/MRS/cache
10:53:58 | INFO    | openrecall.server | Screenshots: /Users/pyw/MRS/screenshots
10:53:58 | INFO    | openrecall.server | Database: /Users/pyw/MRS/db/edge.db
10:53:58 | INFO    | openrecall.server | Bind: 127.0.0.1:18083
10:53:58 | INFO    | openrecall.server | API URL: http://127.0.0.1:18083/api
10:53:58 | INFO    | openrecall.server | Web UI: http://127.0.0.1:18083
10:53:58 | INFO    | openrecall.server | Device: cpu
10:53:58 | INFO    | openrecall.server | Processing mode: noop
10:53:58 | INFO    | openrecall.server | ==================================================
10:53:58 | INFO    | openrecall.server | v3 schema migrations ensured: db=/Users/pyw/MRS/db/edge.db migrations=/Users/pyw/old/MyRecall/openrecall/server/database/migrations
10:53:58 | DEBUG   | openrecall.server.queue_driver | NoopQueueDriver._run() entered
10:53:58 | INFO    | openrecall.server.queue_driver | NoopQueueDriver started (poll_interval=2.0s)
10:53:58 | INFO    | openrecall.server | MRV3 processing_mode=noop
 * Serving Flask app 'openrecall.server.app'
 * Debug mode: on
10:53:58 | INFO    | werkzeug | [31m[1mWARNING: This is a development server. Do not use it in a production deployment. Use a production WSGI server instead.[0m
 * Running on http://127.0.0.1:18083
10:53:58 | INFO    | werkzeug | [33mPress CTRL+C to quit[0m
/opt/homebrew/Caskroom/miniforge/base/lib/python3.12/multiprocessing/resource_tracker.py:279: UserWarning: resource_tracker: There appear to be 1 leaked semaphore objects to clean up at shutdown
  warnings.warn('resource_tracker: There appear to be %d '
10:54:52 | DEBUG   | asyncio | Using selector: KqueueSelector
10:54:56 | INFO    | openrecall.server | ==================================================
10:54:56 | INFO    | openrecall.server | OpenRecall Server Starting
10:54:56 | INFO    | openrecall.server | ==================================================
10:54:56 | INFO    | openrecall.server | Debug mode: ON
10:54:56 | INFO    | openrecall.server | Data folder: /Users/pyw/MRS
10:54:56 | INFO    | openrecall.server | Cache folder: /Users/pyw/MRS/cache
10:54:56 | INFO    | openrecall.server | Screenshots: /Users/pyw/MRS/screenshots
10:54:56 | INFO    | openrecall.server | Database: /Users/pyw/MRS/db/edge.db
10:54:56 | INFO    | openrecall.server | Bind: 127.0.0.1:8083
10:54:56 | INFO    | openrecall.server | API URL: http://127.0.0.1:8083/api
10:54:56 | INFO    | openrecall.server | Web UI: http://127.0.0.1:8083
10:54:56 | INFO    | openrecall.server | Device: cpu
10:54:56 | INFO    | openrecall.server | Processing mode: noop
10:54:56 | INFO    | openrecall.server | ==================================================
10:54:56 | INFO    | openrecall.server | v3 schema migrations ensured: db=/Users/pyw/MRS/db/edge.db migrations=/Users/pyw/old/MyRecall/openrecall/server/database/migrations
10:54:56 | DEBUG   | openrecall.server.queue_driver | NoopQueueDriver._run() entered
10:54:56 | INFO    | openrecall.server.queue_driver | NoopQueueDriver started (poll_interval=2.0s)
10:54:56 | INFO    | openrecall.server | MRV3 processing_mode=noop
 * Serving Flask app 'openrecall.server.app'
 * Debug mode: on
10:54:56 | INFO    | werkzeug | [31m[1mWARNING: This is a development server. Do not use it in a production deployment. Use a production WSGI server instead.[0m
 * Running on http://127.0.0.1:8083
10:54:56 | INFO    | werkzeug | [33mPress CTRL+C to quit[0m
10:54:57 | INFO    | werkzeug | 127.0.0.1 - - [17/Mar/2026 10:54:57] "GET /v1/health HTTP/1.1" 200 -
10:55:07 | INFO    | openrecall.server.database.frames_store | DEBUG: simhash type=<class 'int'>, value=16440885751521723577
10:55:07 | INFO    | openrecall.server.database.frames_store | DEBUG: converted simhash to signed=-2005858322187828039
10:55:07 | INFO    | openrecall.server.database.frames_store | DEBUG claim_frame: capture_id=019cf9b0-3238-7395-9034-8d9963055949, simhash=-2005858322187828039, metadata keys=['timestamp', 'capture_trigger', 'device_name', 'event_ts', 'app_name', 'window_name', 'active_app', 'active_window', 'last_known_app', 'last_known_window', 'simhash', 'capture_id', 'ingested_at', 'image_size_bytes']
10:55:07 | INFO    | openrecall.server.database.frames_store | claim_frame: winner capture_id=019cf9b0-3238-7395-9034-8d9963055949 frame_id=5545
10:55:07 | INFO    | openrecall.server.api_v1 | ingest: 201 Created capture_id=019cf9b0-3238-7395-9034-8d9963055949 frame_id=5545 request_id=4459b4a5-9cb1-4d35-8d3f-3cc749193d25
10:55:07 | INFO    | werkzeug | 127.0.0.1 - - [17/Mar/2026 10:55:07] "[35m[1mPOST /v1/ingest HTTP/1.1[0m" 201 -
10:55:07 | INFO    | openrecall.server.database.frames_store | DEBUG claim_frame: capture_id=019cf9b0-b558-763b-9119-bee12e49366f, simhash=None, metadata keys=['timestamp', 'capture_trigger', 'device_name', 'event_ts', 'app_name', 'window_name', 'active_app', 'active_window', 'last_known_app', 'last_known_window', 'capture_id', 'ingested_at', 'image_size_bytes']
10:55:07 | INFO    | openrecall.server.database.frames_store | claim_frame: winner capture_id=019cf9b0-b558-763b-9119-bee12e49366f frame_id=5546
10:55:07 | INFO    | openrecall.server.api_v1 | ingest: 201 Created capture_id=019cf9b0-b558-763b-9119-bee12e49366f frame_id=5546 request_id=72f00009-94bb-4d26-a32c-bc9e67c8b54f
10:55:07 | INFO    | werkzeug | 127.0.0.1 - - [17/Mar/2026 10:55:07] "[35m[1mPOST /v1/ingest HTTP/1.1[0m" 201 -
10:55:07 | INFO    | openrecall.server.database.frames_store | DEBUG: simhash type=<class 'int'>, value=16440924990420542632
10:55:07 | INFO    | openrecall.server.database.frames_store | DEBUG: converted simhash to signed=-2005819083289008984
10:55:07 | INFO    | openrecall.server.database.frames_store | DEBUG claim_frame: capture_id=019cf9b0-fec2-752c-acfa-0bfba2ce36d4, simhash=-2005819083289008984, metadata keys=['timestamp', 'capture_trigger', 'device_name', 'event_ts', 'app_name', 'window_name', 'active_app', 'active_window', 'last_known_app', 'last_known_window', 'simhash', 'capture_id', 'ingested_at', 'image_size_bytes']
10:55:07 | INFO    | openrecall.server.database.frames_store | claim_frame: winner capture_id=019cf9b0-fec2-752c-acfa-0bfba2ce36d4 frame_id=5547
10:55:07 | INFO    | openrecall.server.api_v1 | ingest: 201 Created capture_id=019cf9b0-fec2-752c-acfa-0bfba2ce36d4 frame_id=5547 request_id=6f98c5c3-d9ca-4f6b-84f1-e8408e5e4b34
10:55:07 | INFO    | werkzeug | 127.0.0.1 - - [17/Mar/2026 10:55:07] "[35m[1mPOST /v1/ingest HTTP/1.1[0m" 201 -
10:55:07 | INFO    | werkzeug | 127.0.0.1 - - [17/Mar/2026 10:55:07] "POST /api/heartbeat HTTP/1.1" 200 -
10:55:07 | INFO    | openrecall.server.database.frames_store | DEBUG: simhash type=<class 'int'>, value=16458939406042710059
10:55:07 | INFO    | openrecall.server.database.frames_store | DEBUG: converted simhash to signed=-1987804667666841557
10:55:07 | INFO    | openrecall.server.database.frames_store | DEBUG claim_frame: capture_id=019cf9b1-13d3-7136-ab16-8b16d2a1e24c, simhash=-1987804667666841557, metadata keys=['timestamp', 'capture_trigger', 'device_name', 'event_ts', 'app_name', 'window_name', 'active_app', 'active_window', 'last_known_app', 'last_known_window', 'simhash', 'capture_id', 'ingested_at', 'image_size_bytes']
10:55:07 | INFO    | openrecall.server.database.frames_store | claim_frame: winner capture_id=019cf9b1-13d3-7136-ab16-8b16d2a1e24c frame_id=5548
10:55:07 | INFO    | openrecall.server.api_v1 | ingest: 201 Created capture_id=019cf9b1-13d3-7136-ab16-8b16d2a1e24c frame_id=5548 request_id=9b8ac4a5-1198-4afc-9abf-02dad98f24f7
10:55:07 | INFO    | werkzeug | 127.0.0.1 - - [17/Mar/2026 10:55:07] "[35m[1mPOST /v1/ingest HTTP/1.1[0m" 201 -
10:55:07 | INFO    | openrecall.server.database.frames_store | DEBUG claim_frame: capture_id=019cf9b1-1910-7b13-90a0-9cb8591e3059, simhash=None, metadata keys=['timestamp', 'capture_trigger', 'device_name', 'event_ts', 'app_name', 'window_name', 'active_app', 'active_window', 'last_known_app', 'last_known_window', 'capture_id', 'ingested_at', 'image_size_bytes']
10:55:07 | INFO    | openrecall.server.database.frames_store | claim_frame: winner capture_id=019cf9b1-1910-7b13-90a0-9cb8591e3059 frame_id=5549
10:55:07 | INFO    | openrecall.server.api_v1 | ingest: 201 Created capture_id=019cf9b1-1910-7b13-90a0-9cb8591e3059 frame_id=5549 request_id=7f7f9745-9d04-42af-a4d2-450ef01c897e
10:55:07 | INFO    | werkzeug | 127.0.0.1 - - [17/Mar/2026 10:55:07] "[35m[1mPOST /v1/ingest HTTP/1.1[0m" 201 -
10:55:07 | INFO    | openrecall.server.database.frames_store | DEBUG: simhash type=<class 'int'>, value=11834844350917100699
10:55:07 | INFO    | openrecall.server.database.frames_store | DEBUG: converted simhash to signed=-6611899722792450917
10:55:07 | INFO    | openrecall.server.database.frames_store | DEBUG claim_frame: capture_id=019cf9b1-2944-7566-a9a0-8ef9d36c7009, simhash=-6611899722792450917, metadata keys=['timestamp', 'capture_trigger', 'device_name', 'event_ts', 'app_name', 'window_name', 'active_app', 'active_window', 'last_known_app', 'last_known_window', 'simhash', 'capture_id', 'ingested_at', 'image_size_bytes']
10:55:07 | INFO    | openrecall.server.database.frames_store | claim_frame: winner capture_id=019cf9b1-2944-7566-a9a0-8ef9d36c7009 frame_id=5550
10:55:07 | INFO    | openrecall.server.api_v1 | ingest: 201 Created capture_id=019cf9b1-2944-7566-a9a0-8ef9d36c7009 frame_id=5550 request_id=6f91d23d-a232-4504-986a-bc7d67248332
10:55:07 | INFO    | werkzeug | 127.0.0.1 - - [17/Mar/2026 10:55:07] "[35m[1mPOST /v1/ingest HTTP/1.1[0m" 201 -
10:55:07 | INFO    | openrecall.server.database.frames_store | DEBUG: simhash type=<class 'int'>, value=16446514976175931641
10:55:07 | INFO    | openrecall.server.database.frames_store | DEBUG: converted simhash to signed=-2000229097533619975
10:55:07 | INFO    | openrecall.server.database.frames_store | DEBUG claim_frame: capture_id=019cf9b1-793c-789f-952a-9f8eefeb4c64, simhash=-2000229097533619975, metadata keys=['timestamp', 'capture_trigger', 'device_name', 'event_ts', 'app_name', 'window_name', 'active_app', 'active_window', 'last_known_app', 'last_known_window', 'simhash', 'capture_id', 'ingested_at', 'image_size_bytes']
10:55:07 | INFO    | openrecall.server.database.frames_store | claim_frame: winner capture_id=019cf9b1-793c-789f-952a-9f8eefeb4c64 frame_id=5551
10:55:07 | INFO    | openrecall.server.api_v1 | ingest: 201 Created capture_id=019cf9b1-793c-789f-952a-9f8eefeb4c64 frame_id=5551 request_id=2e37e7d5-5ea1-43ed-9302-050002160d1c
10:55:07 | INFO    | werkzeug | 127.0.0.1 - - [17/Mar/2026 10:55:07] "[35m[1mPOST /v1/ingest HTTP/1.1[0m" 201 -
10:55:07 | INFO    | openrecall.server.database.frames_store | DEBUG claim_frame: capture_id=019cf9b2-0436-7883-850b-6cd09d61aeb9, simhash=None, metadata keys=['timestamp', 'capture_trigger', 'device_name', 'event_ts', 'app_name', 'window_name', 'active_app', 'active_window', 'last_known_app', 'last_known_window', 'capture_id', 'ingested_at', 'image_size_bytes']
10:55:07 | INFO    | openrecall.server.database.frames_store | claim_frame: winner capture_id=019cf9b2-0436-7883-850b-6cd09d61aeb9 frame_id=5552
10:55:07 | INFO    | openrecall.server.api_v1 | ingest: 201 Created capture_id=019cf9b2-0436-7883-850b-6cd09d61aeb9 frame_id=5552 request_id=1aa98a74-3938-4f19-ab35-d5defb1b6c33
10:55:07 | INFO    | werkzeug | 127.0.0.1 - - [17/Mar/2026 10:55:07] "[35m[1mPOST /v1/ingest HTTP/1.1[0m" 201 -
10:55:07 | INFO    | openrecall.server.database.frames_store | DEBUG claim_frame: capture_id=019cf9b2-2e5f-7d41-9c0a-15de51f78d74, simhash=None, metadata keys=['timestamp', 'capture_trigger', 'device_name', 'event_ts', 'app_name', 'window_name', 'active_app', 'active_window', 'last_known_app', 'last_known_window', 'capture_id', 'ingested_at', 'image_size_bytes']
10:55:07 | INFO    | openrecall.server.database.frames_store | claim_frame: winner capture_id=019cf9b2-2e5f-7d41-9c0a-15de51f78d74 frame_id=5553
10:55:07 | INFO    | openrecall.server.api_v1 | ingest: 201 Created capture_id=019cf9b2-2e5f-7d41-9c0a-15de51f78d74 frame_id=5553 request_id=6570f803-3432-496e-a495-bbc21f46aef1
10:55:07 | INFO    | werkzeug | 127.0.0.1 - - [17/Mar/2026 10:55:07] "[35m[1mPOST /v1/ingest HTTP/1.1[0m" 201 -
10:55:07 | INFO    | openrecall.server.database.frames_store | DEBUG: simhash type=<class 'int'>, value=11834846343786514075
10:55:07 | INFO    | openrecall.server.database.frames_store | DEBUG: converted simhash to signed=-6611897729923037541
10:55:07 | INFO    | openrecall.server.database.frames_store | DEBUG claim_frame: capture_id=019cf9b2-a40b-72e0-b970-ad7a57598586, simhash=-6611897729923037541, metadata keys=['timestamp', 'capture_trigger', 'device_name', 'event_ts', 'app_name', 'window_name', 'active_app', 'active_window', 'last_known_app', 'last_known_window', 'simhash', 'capture_id', 'ingested_at', 'image_size_bytes']
10:55:07 | INFO    | openrecall.server.database.frames_store | claim_frame: winner capture_id=019cf9b2-a40b-72e0-b970-ad7a57598586 frame_id=5554
10:55:07 | INFO    | openrecall.server.api_v1 | ingest: 201 Created capture_id=019cf9b2-a40b-72e0-b970-ad7a57598586 frame_id=5554 request_id=b125721e-be86-4842-bc75-7c3e06eba5fa
10:55:07 | INFO    | werkzeug | 127.0.0.1 - - [17/Mar/2026 10:55:07] "[35m[1mPOST /v1/ingest HTTP/1.1[0m" 201 -
10:55:07 | INFO    | openrecall.server.database.frames_store | DEBUG claim_frame: capture_id=019cf9b2-f14c-765f-90fa-de3b10bf4e06, simhash=None, metadata keys=['timestamp', 'capture_trigger', 'device_name', 'event_ts', 'app_name', 'window_name', 'active_app', 'active_window', 'last_known_app', 'last_known_window', 'capture_id', 'ingested_at', 'image_size_bytes']
10:55:07 | INFO    | openrecall.server.database.frames_store | claim_frame: winner capture_id=019cf9b2-f14c-765f-90fa-de3b10bf4e06 frame_id=5555
10:55:07 | INFO    | openrecall.server.api_v1 | ingest: 201 Created capture_id=019cf9b2-f14c-765f-90fa-de3b10bf4e06 frame_id=5555 request_id=2f59a166-046e-4282-834b-5dddafd8bc7a
10:55:07 | INFO    | werkzeug | 127.0.0.1 - - [17/Mar/2026 10:55:07] "[35m[1mPOST /v1/ingest HTTP/1.1[0m" 201 -
10:55:07 | INFO    | openrecall.server.database.frames_store | DEBUG claim_frame: capture_id=019cf9b3-19a3-7e0f-bd8d-df9d22de1909, simhash=None, metadata keys=['timestamp', 'capture_trigger', 'device_name', 'event_ts', 'app_name', 'window_name', 'active_app', 'active_window', 'last_known_app', 'last_known_window', 'capture_id', 'ingested_at', 'image_size_bytes']
10:55:07 | INFO    | openrecall.server.database.frames_store | claim_frame: winner capture_id=019cf9b3-19a3-7e0f-bd8d-df9d22de1909 frame_id=5556
10:55:07 | INFO    | openrecall.server.api_v1 | ingest: 201 Created capture_id=019cf9b3-19a3-7e0f-bd8d-df9d22de1909 frame_id=5556 request_id=bdbfa096-10d6-44fc-a3ca-46fe19d9d326
10:55:07 | INFO    | werkzeug | 127.0.0.1 - - [17/Mar/2026 10:55:07] "[35m[1mPOST /v1/ingest HTTP/1.1[0m" 201 -
10:55:07 | INFO    | openrecall.server.database.frames_store | DEBUG claim_frame: capture_id=019cf9b3-6788-7719-a598-2ea39eb71980, simhash=None, metadata keys=['timestamp', 'capture_trigger', 'device_name', 'event_ts', 'app_name', 'window_name', 'active_app', 'active_window', 'last_known_app', 'last_known_window', 'capture_id', 'ingested_at', 'image_size_bytes']
10:55:07 | INFO    | openrecall.server.database.frames_store | claim_frame: winner capture_id=019cf9b3-6788-7719-a598-2ea39eb71980 frame_id=5557
10:55:07 | INFO    | openrecall.server.api_v1 | ingest: 201 Created capture_id=019cf9b3-6788-7719-a598-2ea39eb71980 frame_id=5557 request_id=f897b8c7-b1e1-43de-8653-74865cd14411
10:55:07 | INFO    | werkzeug | 127.0.0.1 - - [17/Mar/2026 10:55:07] "[35m[1mPOST /v1/ingest HTTP/1.1[0m" 201 -
10:55:07 | INFO    | openrecall.server.database.frames_store | DEBUG claim_frame: capture_id=019cf9b3-8f28-7202-84df-9ae6870bedc3, simhash=None, metadata keys=['timestamp', 'capture_trigger', 'device_name', 'event_ts', 'app_name', 'window_name', 'active_app', 'active_window', 'last_known_app', 'last_known_window', 'capture_id', 'ingested_at', 'image_size_bytes']
10:55:07 | INFO    | openrecall.server.database.frames_store | claim_frame: winner capture_id=019cf9b3-8f28-7202-84df-9ae6870bedc3 frame_id=5558
10:55:07 | INFO    | openrecall.server.api_v1 | ingest: 201 Created capture_id=019cf9b3-8f28-7202-84df-9ae6870bedc3 frame_id=5558 request_id=672ae56a-c306-4053-a804-3ac2e4666ed9
10:55:07 | INFO    | werkzeug | 127.0.0.1 - - [17/Mar/2026 10:55:07] "[35m[1mPOST /v1/ingest HTTP/1.1[0m" 201 -
10:55:07 | INFO    | openrecall.server.database.frames_store | DEBUG claim_frame: capture_id=019cf9b3-dd39-7f7f-96b1-62defee6f237, simhash=None, metadata keys=['timestamp', 'capture_trigger', 'device_name', 'event_ts', 'app_name', 'window_name', 'active_app', 'active_window', 'last_known_app', 'last_known_window', 'capture_id', 'ingested_at', 'image_size_bytes']
10:55:07 | INFO    | openrecall.server.database.frames_store | claim_frame: winner capture_id=019cf9b3-dd39-7f7f-96b1-62defee6f237 frame_id=5559
10:55:07 | INFO    | openrecall.server.api_v1 | ingest: 201 Created capture_id=019cf9b3-dd39-7f7f-96b1-62defee6f237 frame_id=5559 request_id=a8981325-92c6-466a-87e6-b50e6dfcb531
10:55:07 | INFO    | werkzeug | 127.0.0.1 - - [17/Mar/2026 10:55:07] "[35m[1mPOST /v1/ingest HTTP/1.1[0m" 201 -
10:55:07 | INFO    | openrecall.server.database.frames_store | DEBUG claim_frame: capture_id=019cf9b4-04a8-763d-91d9-60f3ae51889f, simhash=None, metadata keys=['timestamp', 'capture_trigger', 'device_name', 'event_ts', 'app_name', 'window_name', 'active_app', 'active_window', 'last_known_app', 'last_known_window', 'capture_id', 'ingested_at', 'image_size_bytes']
10:55:07 | INFO    | openrecall.server.database.frames_store | claim_frame: winner capture_id=019cf9b4-04a8-763d-91d9-60f3ae51889f frame_id=5560
10:55:07 | INFO    | openrecall.server.api_v1 | ingest: 201 Created capture_id=019cf9b4-04a8-763d-91d9-60f3ae51889f frame_id=5560 request_id=653c6198-a78f-4d58-955a-ba7365b44024
10:55:07 | INFO    | werkzeug | 127.0.0.1 - - [17/Mar/2026 10:55:07] "[35m[1mPOST /v1/ingest HTTP/1.1[0m" 201 -
10:55:07 | INFO    | openrecall.server.database.frames_store | DEBUG: simhash type=<class 'int'>, value=16158307276648333337
10:55:07 | INFO    | openrecall.server.database.frames_store | DEBUG: converted simhash to signed=-2288436797061218279
10:55:07 | INFO    | openrecall.server.database.frames_store | DEBUG claim_frame: capture_id=019cf9b4-115b-7ba6-9986-375f1940aca0, simhash=-2288436797061218279, metadata keys=['timestamp', 'capture_trigger', 'device_name', 'event_ts', 'app_name', 'window_name', 'active_app', 'active_window', 'last_known_app', 'last_known_window', 'simhash', 'capture_id', 'ingested_at', 'image_size_bytes']
10:55:07 | INFO    | openrecall.server.database.frames_store | claim_frame: winner capture_id=019cf9b4-115b-7ba6-9986-375f1940aca0 frame_id=5561
10:55:07 | INFO    | openrecall.server.api_v1 | ingest: 201 Created capture_id=019cf9b4-115b-7ba6-9986-375f1940aca0 frame_id=5561 request_id=46bb77b5-6cf7-438b-8fda-45ffbe26853a
10:55:07 | INFO    | werkzeug | 127.0.0.1 - - [17/Mar/2026 10:55:07] "[35m[1mPOST /v1/ingest HTTP/1.1[0m" 201 -
10:55:07 | INFO    | openrecall.server.database.frames_store | DEBUG claim_frame: capture_id=019cf9b4-52c1-748b-81f6-a61853ffd419, simhash=None, metadata keys=['timestamp', 'capture_trigger', 'device_name', 'event_ts', 'app_name', 'window_name', 'active_app', 'active_window', 'last_known_app', 'last_known_window', 'capture_id', 'ingested_at', 'image_size_bytes']
10:55:07 | INFO    | openrecall.server.database.frames_store | claim_frame: winner capture_id=019cf9b4-52c1-748b-81f6-a61853ffd419 frame_id=5562
10:55:07 | INFO    | openrecall.server.api_v1 | ingest: 201 Created capture_id=019cf9b4-52c1-748b-81f6-a61853ffd419 frame_id=5562 request_id=5e41a762-4388-4a1f-bfe0-9af0f5038aa6
10:55:07 | INFO    | werkzeug | 127.0.0.1 - - [17/Mar/2026 10:55:07] "[35m[1mPOST /v1/ingest HTTP/1.1[0m" 201 -
10:55:07 | INFO    | openrecall.server.database.frames_store | DEBUG claim_frame: capture_id=019cf9b4-7a30-7e22-8624-8b51b17cb322, simhash=None, metadata keys=['timestamp', 'capture_trigger', 'device_name', 'event_ts', 'app_name', 'window_name', 'active_app', 'active_window', 'last_known_app', 'last_known_window', 'capture_id', 'ingested_at', 'image_size_bytes']
10:55:07 | INFO    | openrecall.server.database.frames_store | claim_frame: winner capture_id=019cf9b4-7a30-7e22-8624-8b51b17cb322 frame_id=5563
10:55:07 | INFO    | openrecall.server.api_v1 | ingest: 201 Created capture_id=019cf9b4-7a30-7e22-8624-8b51b17cb322 frame_id=5563 request_id=08ee38d3-52e9-4017-a053-5440a570c642
10:55:07 | INFO    | werkzeug | 127.0.0.1 - - [17/Mar/2026 10:55:07] "[35m[1mPOST /v1/ingest HTTP/1.1[0m" 201 -
10:55:07 | INFO    | openrecall.server.database.frames_store | DEBUG claim_frame: capture_id=019cf9b4-86f1-7401-997a-deb6551deb84, simhash=None, metadata keys=['timestamp', 'capture_trigger', 'device_name', 'event_ts', 'app_name', 'window_name', 'active_app', 'active_window', 'last_known_app', 'last_known_window', 'capture_id', 'ingested_at', 'image_size_bytes']
10:55:07 | INFO    | openrecall.server.database.frames_store | claim_frame: winner capture_id=019cf9b4-86f1-7401-997a-deb6551deb84 frame_id=5564
10:55:07 | INFO    | openrecall.server.api_v1 | ingest: 201 Created capture_id=019cf9b4-86f1-7401-997a-deb6551deb84 frame_id=5564 request_id=a60d5cee-13b2-427d-b6a8-ef38bb239dcf
10:55:07 | INFO    | werkzeug | 127.0.0.1 - - [17/Mar/2026 10:55:07] "[35m[1mPOST /v1/ingest HTTP/1.1[0m" 201 -
10:55:07 | INFO    | openrecall.server.database.frames_store | DEBUG claim_frame: capture_id=019cf9b4-c84f-783b-90a1-ddd1b8d67274, simhash=None, metadata keys=['timestamp', 'capture_trigger', 'device_name', 'event_ts', 'app_name', 'window_name', 'active_app', 'active_window', 'last_known_app', 'last_known_window', 'capture_id', 'ingested_at', 'image_size_bytes']
10:55:07 | INFO    | openrecall.server.database.frames_store | claim_frame: winner capture_id=019cf9b4-c84f-783b-90a1-ddd1b8d67274 frame_id=5565
10:55:07 | INFO    | openrecall.server.api_v1 | ingest: 201 Created capture_id=019cf9b4-c84f-783b-90a1-ddd1b8d67274 frame_id=5565 request_id=ba67b840-d178-4cfe-9b36-e084bbb80f34
10:55:07 | INFO    | werkzeug | 127.0.0.1 - - [17/Mar/2026 10:55:07] "[35m[1mPOST /v1/ingest HTTP/1.1[0m" 201 -
10:55:07 | INFO    | openrecall.server.database.frames_store | DEBUG claim_frame: capture_id=019cf9b4-efbf-7fc1-9c65-d86c8dbe5439, simhash=None, metadata keys=['timestamp', 'capture_trigger', 'device_name', 'event_ts', 'app_name', 'window_name', 'active_app', 'active_window', 'last_known_app', 'last_known_window', 'capture_id', 'ingested_at', 'image_size_bytes']
10:55:07 | INFO    | openrecall.server.database.frames_store | claim_frame: winner capture_id=019cf9b4-efbf-7fc1-9c65-d86c8dbe5439 frame_id=5566
10:55:07 | INFO    | openrecall.server.api_v1 | ingest: 201 Created capture_id=019cf9b4-efbf-7fc1-9c65-d86c8dbe5439 frame_id=5566 request_id=c6096e84-4d3b-40d3-a307-041fcd9b521d
10:55:07 | INFO    | werkzeug | 127.0.0.1 - - [17/Mar/2026 10:55:07] "[35m[1mPOST /v1/ingest HTTP/1.1[0m" 201 -
10:55:07 | INFO    | openrecall.server.database.frames_store | DEBUG claim_frame: capture_id=019cf9b4-fc83-7cd2-bf10-772bb4135828, simhash=None, metadata keys=['timestamp', 'capture_trigger', 'device_name', 'event_ts', 'app_name', 'window_name', 'active_app', 'active_window', 'last_known_app', 'last_known_window', 'capture_id', 'ingested_at', 'image_size_bytes']
10:55:07 | INFO    | openrecall.server.database.frames_store | claim_frame: winner capture_id=019cf9b4-fc83-7cd2-bf10-772bb4135828 frame_id=5567
10:55:07 | INFO    | openrecall.server.api_v1 | ingest: 201 Created capture_id=019cf9b4-fc83-7cd2-bf10-772bb4135828 frame_id=5567 request_id=8b912500-b718-404c-b419-62a6ba682a7a
10:55:07 | INFO    | werkzeug | 127.0.0.1 - - [17/Mar/2026 10:55:07] "[35m[1mPOST /v1/ingest HTTP/1.1[0m" 201 -
10:55:07 | INFO    | openrecall.server.database.frames_store | DEBUG: simhash type=<class 'int'>, value=11960656929585724098
10:55:07 | INFO    | openrecall.server.database.frames_store | DEBUG: converted simhash to signed=-6486087144123827518
10:55:07 | INFO    | openrecall.server.database.frames_store | DEBUG claim_frame: capture_id=019cf9b5-058c-7faa-92f9-18e3192f1fde, simhash=-6486087144123827518, metadata keys=['timestamp', 'capture_trigger', 'device_name', 'event_ts', 'app_name', 'window_name', 'active_app', 'active_window', 'last_known_app', 'last_known_window', 'simhash', 'capture_id', 'ingested_at', 'image_size_bytes']
10:55:07 | INFO    | openrecall.server.database.frames_store | claim_frame: winner capture_id=019cf9b5-058c-7faa-92f9-18e3192f1fde frame_id=5568
10:55:07 | INFO    | openrecall.server.api_v1 | ingest: 201 Created capture_id=019cf9b5-058c-7faa-92f9-18e3192f1fde frame_id=5568 request_id=4df66074-7795-4cb8-b1e2-f63ededf9f75
10:55:07 | INFO    | werkzeug | 127.0.0.1 - - [17/Mar/2026 10:55:07] "[35m[1mPOST /v1/ingest HTTP/1.1[0m" 201 -
10:55:07 | INFO    | openrecall.server.database.frames_store | DEBUG claim_frame: capture_id=019cf9b5-3dd4-7ca4-a300-8c7296ee350e, simhash=None, metadata keys=['timestamp', 'capture_trigger', 'device_name', 'event_ts', 'app_name', 'window_name', 'active_app', 'active_window', 'last_known_app', 'last_known_window', 'capture_id', 'ingested_at', 'image_size_bytes']
10:55:07 | INFO    | openrecall.server.database.frames_store | claim_frame: winner capture_id=019cf9b5-3dd4-7ca4-a300-8c7296ee350e frame_id=5569
10:55:07 | INFO    | openrecall.server.api_v1 | ingest: 201 Created capture_id=019cf9b5-3dd4-7ca4-a300-8c7296ee350e frame_id=5569 request_id=6d6666f7-c484-42fb-a65d-f371ba8bdd6a
10:55:07 | INFO    | werkzeug | 127.0.0.1 - - [17/Mar/2026 10:55:07] "[35m[1mPOST /v1/ingest HTTP/1.1[0m" 201 -
10:55:07 | INFO    | openrecall.server.database.frames_store | DEBUG claim_frame: capture_id=019cf9b5-654c-7159-ab46-d9b88aa5ac0e, simhash=None, metadata keys=['timestamp', 'capture_trigger', 'device_name', 'event_ts', 'app_name', 'window_name', 'active_app', 'active_window', 'last_known_app', 'last_known_window', 'capture_id', 'ingested_at', 'image_size_bytes']
10:55:07 | INFO    | openrecall.server.database.frames_store | claim_frame: winner capture_id=019cf9b5-654c-7159-ab46-d9b88aa5ac0e frame_id=5570
10:55:07 | INFO    | openrecall.server.api_v1 | ingest: 201 Created capture_id=019cf9b5-654c-7159-ab46-d9b88aa5ac0e frame_id=5570 request_id=8dd70ee3-71cc-4bc5-8555-d32f61bf9833
10:55:07 | INFO    | werkzeug | 127.0.0.1 - - [17/Mar/2026 10:55:07] "[35m[1mPOST /v1/ingest HTTP/1.1[0m" 201 -
10:55:07 | INFO    | openrecall.server.database.frames_store | DEBUG claim_frame: capture_id=019cf9b5-720b-7228-a61d-2ae04f38e071, simhash=None, metadata keys=['timestamp', 'capture_trigger', 'device_name', 'event_ts', 'app_name', 'window_name', 'active_app', 'active_window', 'last_known_app', 'last_known_window', 'capture_id', 'ingested_at', 'image_size_bytes']
10:55:07 | INFO    | openrecall.server.database.frames_store | claim_frame: winner capture_id=019cf9b5-720b-7228-a61d-2ae04f38e071 frame_id=5571
10:55:07 | INFO    | openrecall.server.api_v1 | ingest: 201 Created capture_id=019cf9b5-720b-7228-a61d-2ae04f38e071 frame_id=5571 request_id=3d7cfcf4-2b87-4334-b49b-317f95582418
10:55:07 | INFO    | werkzeug | 127.0.0.1 - - [17/Mar/2026 10:55:07] "[35m[1mPOST /v1/ingest HTTP/1.1[0m" 201 -
10:55:07 | INFO    | openrecall.server.database.frames_store | DEBUG claim_frame: capture_id=019cf9b5-7b1a-766c-99cb-7fe8926e3601, simhash=None, metadata keys=['timestamp', 'capture_trigger', 'device_name', 'event_ts', 'app_name', 'window_name', 'active_app', 'active_window', 'last_known_app', 'last_known_window', 'capture_id', 'ingested_at', 'image_size_bytes']
10:55:07 | INFO    | openrecall.server.database.frames_store | claim_frame: winner capture_id=019cf9b5-7b1a-766c-99cb-7fe8926e3601 frame_id=5572
10:55:07 | INFO    | openrecall.server.api_v1 | ingest: 201 Created capture_id=019cf9b5-7b1a-766c-99cb-7fe8926e3601 frame_id=5572 request_id=e0b05f45-bdb3-468f-890b-9112bbc4a855
10:55:07 | INFO    | werkzeug | 127.0.0.1 - - [17/Mar/2026 10:55:07] "[35m[1mPOST /v1/ingest HTTP/1.1[0m" 201 -
10:55:07 | INFO    | openrecall.server.database.frames_store | DEBUG claim_frame: capture_id=019cf9b5-b357-7a86-811c-41954e71bf4c, simhash=None, metadata keys=['timestamp', 'capture_trigger', 'device_name', 'event_ts', 'app_name', 'window_name', 'active_app', 'active_window', 'last_known_app', 'last_known_window', 'capture_id', 'ingested_at', 'image_size_bytes']
10:55:07 | INFO    | openrecall.server.database.frames_store | claim_frame: winner capture_id=019cf9b5-b357-7a86-811c-41954e71bf4c frame_id=5573
10:55:07 | INFO    | openrecall.server.api_v1 | ingest: 201 Created capture_id=019cf9b5-b357-7a86-811c-41954e71bf4c frame_id=5573 request_id=fe84ede3-e29d-4e7d-86af-91e1d4fd027a
10:55:07 | INFO    | werkzeug | 127.0.0.1 - - [17/Mar/2026 10:55:07] "[35m[1mPOST /v1/ingest HTTP/1.1[0m" 201 -
10:55:07 | INFO    | openrecall.server.database.frames_store | DEBUG claim_frame: capture_id=019cf9b5-dad9-7bea-b353-8bd811532b22, simhash=None, metadata keys=['timestamp', 'capture_trigger', 'device_name', 'event_ts', 'app_name', 'window_name', 'active_app', 'active_window', 'last_known_app', 'last_known_window', 'capture_id', 'ingested_at', 'image_size_bytes']
10:55:07 | INFO    | openrecall.server.database.frames_store | claim_frame: winner capture_id=019cf9b5-dad9-7bea-b353-8bd811532b22 frame_id=5574
10:55:07 | INFO    | openrecall.server.api_v1 | ingest: 201 Created capture_id=019cf9b5-dad9-7bea-b353-8bd811532b22 frame_id=5574 request_id=cb8bb8cd-4149-4495-9416-69662566041f
10:55:07 | INFO    | werkzeug | 127.0.0.1 - - [17/Mar/2026 10:55:07] "[35m[1mPOST /v1/ingest HTTP/1.1[0m" 201 -
10:55:07 | INFO    | openrecall.server.database.frames_store | DEBUG claim_frame: capture_id=019cf9b5-e793-7408-92fc-5b269aec59a3, simhash=None, metadata keys=['timestamp', 'capture_trigger', 'device_name', 'event_ts', 'app_name', 'window_name', 'active_app', 'active_window', 'last_known_app', 'last_known_window', 'capture_id', 'ingested_at', 'image_size_bytes']
10:55:07 | INFO    | openrecall.server.database.frames_store | claim_frame: winner capture_id=019cf9b5-e793-7408-92fc-5b269aec59a3 frame_id=5575
10:55:07 | INFO    | openrecall.server.api_v1 | ingest: 201 Created capture_id=019cf9b5-e793-7408-92fc-5b269aec59a3 frame_id=5575 request_id=b8e2ed29-d921-4975-b753-58f63c983a4d
10:55:07 | INFO    | werkzeug | 127.0.0.1 - - [17/Mar/2026 10:55:07] "[35m[1mPOST /v1/ingest HTTP/1.1[0m" 201 -
10:55:07 | INFO    | openrecall.server.database.frames_store | DEBUG claim_frame: capture_id=019cf9b5-f09a-73a1-84b8-1475a40ae4dc, simhash=None, metadata keys=['timestamp', 'capture_trigger', 'device_name', 'event_ts', 'app_name', 'window_name', 'active_app', 'active_window', 'last_known_app', 'last_known_window', 'capture_id', 'ingested_at', 'image_size_bytes']
10:55:07 | INFO    | openrecall.server.database.frames_store | claim_frame: winner capture_id=019cf9b5-f09a-73a1-84b8-1475a40ae4dc frame_id=5576
10:55:07 | INFO    | openrecall.server.api_v1 | ingest: 201 Created capture_id=019cf9b5-f09a-73a1-84b8-1475a40ae4dc frame_id=5576 request_id=704080e1-3ae5-4d8f-a863-6960d45d4e5b
10:55:07 | INFO    | werkzeug | 127.0.0.1 - - [17/Mar/2026 10:55:07] "[35m[1mPOST /v1/ingest HTTP/1.1[0m" 201 -
10:55:07 | INFO    | openrecall.server.database.frames_store | DEBUG: simhash type=<class 'int'>, value=16440885468058076409
10:55:07 | INFO    | openrecall.server.database.frames_store | DEBUG: converted simhash to signed=-2005858605651475207
10:55:07 | INFO    | openrecall.server.database.frames_store | DEBUG claim_frame: capture_id=019cf9b7-2ae2-7848-8474-b614a44e6f26, simhash=-2005858605651475207, metadata keys=['timestamp', 'capture_trigger', 'device_name', 'event_ts', 'app_name', 'window_name', 'active_app', 'active_window', 'last_known_app', 'last_known_window', 'simhash', 'capture_id', 'ingested_at', 'image_size_bytes']
10:55:07 | INFO    | openrecall.server.database.frames_store | claim_frame: winner capture_id=019cf9b7-2ae2-7848-8474-b614a44e6f26 frame_id=5577
10:55:07 | INFO    | openrecall.server.api_v1 | ingest: 201 Created capture_id=019cf9b7-2ae2-7848-8474-b614a44e6f26 frame_id=5577 request_id=d98f662f-f41d-4ee9-9b8a-71fcf5ffaa97
10:55:07 | INFO    | werkzeug | 127.0.0.1 - - [17/Mar/2026 10:55:07] "[35m[1mPOST /v1/ingest HTTP/1.1[0m" 201 -
10:55:07 | INFO    | openrecall.server.database.frames_store | DEBUG: simhash type=<class 'int'>, value=14861862693257204747
10:55:07 | INFO    | openrecall.server.database.frames_store | DEBUG: converted simhash to signed=-3584881380452346869
10:55:07 | INFO    | openrecall.server.database.frames_store | DEBUG claim_frame: capture_id=019cf9b7-690f-744c-80e4-11b5f06e3945, simhash=-3584881380452346869, metadata keys=['timestamp', 'capture_trigger', 'device_name', 'event_ts', 'app_name', 'window_name', 'active_app', 'active_window', 'last_known_app', 'last_known_window', 'simhash', 'capture_id', 'ingested_at', 'image_size_bytes']
10:55:07 | INFO    | openrecall.server.database.frames_store | claim_frame: winner capture_id=019cf9b7-690f-744c-80e4-11b5f06e3945 frame_id=5578
10:55:07 | INFO    | openrecall.server.api_v1 | ingest: 201 Created capture_id=019cf9b7-690f-744c-80e4-11b5f06e3945 frame_id=5578 request_id=8ebab937-a9b8-49c9-8759-db6253691422
10:55:07 | INFO    | werkzeug | 127.0.0.1 - - [17/Mar/2026 10:55:07] "[35m[1mPOST /v1/ingest HTTP/1.1[0m" 201 -
10:55:07 | INFO    | openrecall.server.database.frames_store | DEBUG claim_frame: capture_id=019cf9b7-6973-7e16-8ddd-38143717271d, simhash=None, metadata keys=['timestamp', 'capture_trigger', 'device_name', 'event_ts', 'app_name', 'window_name', 'active_app', 'active_window', 'last_known_app', 'last_known_window', 'capture_id', 'ingested_at', 'image_size_bytes']
10:55:07 | INFO    | openrecall.server.database.frames_store | claim_frame: winner capture_id=019cf9b7-6973-7e16-8ddd-38143717271d frame_id=5579
10:55:07 | INFO    | openrecall.server.api_v1 | ingest: 201 Created capture_id=019cf9b7-6973-7e16-8ddd-38143717271d frame_id=5579 request_id=1e71be8f-6963-4627-8619-c6ad6a54db0e
10:55:07 | INFO    | werkzeug | 127.0.0.1 - - [17/Mar/2026 10:55:07] "[35m[1mPOST /v1/ingest HTTP/1.1[0m" 201 -
10:55:08 | DEBUG   | openrecall.server.queue_driver | NoopQueueDriver: frame_id=5545 completed capture_id=019cf9b0-3238-7395-9034-8d9963055949
10:55:08 | DEBUG   | openrecall.server.queue_driver | NoopQueueDriver: frame_id=5546 completed capture_id=019cf9b0-b558-763b-9119-bee12e49366f
10:55:08 | DEBUG   | openrecall.server.queue_driver | NoopQueueDriver: frame_id=5547 completed capture_id=019cf9b0-fec2-752c-acfa-0bfba2ce36d4
10:55:08 | DEBUG   | openrecall.server.queue_driver | NoopQueueDriver: frame_id=5548 completed capture_id=019cf9b1-13d3-7136-ab16-8b16d2a1e24c
10:55:08 | DEBUG   | openrecall.server.queue_driver | NoopQueueDriver: frame_id=5549 completed capture_id=019cf9b1-1910-7b13-90a0-9cb8591e3059
10:55:08 | DEBUG   | openrecall.server.queue_driver | NoopQueueDriver: frame_id=5550 completed capture_id=019cf9b1-2944-7566-a9a0-8ef9d36c7009
10:55:08 | DEBUG   | openrecall.server.queue_driver | NoopQueueDriver: frame_id=5551 completed capture_id=019cf9b1-793c-789f-952a-9f8eefeb4c64
10:55:08 | DEBUG   | openrecall.server.queue_driver | NoopQueueDriver: frame_id=5552 completed capture_id=019cf9b2-0436-7883-850b-6cd09d61aeb9
10:55:08 | DEBUG   | openrecall.server.queue_driver | NoopQueueDriver: frame_id=5553 completed capture_id=019cf9b2-2e5f-7d41-9c0a-15de51f78d74
10:55:08 | DEBUG   | openrecall.server.queue_driver | NoopQueueDriver: frame_id=5554 completed capture_id=019cf9b2-a40b-72e0-b970-ad7a57598586
10:55:08 | DEBUG   | openrecall.server.queue_driver | NoopQueueDriver: frame_id=5555 completed capture_id=019cf9b2-f14c-765f-90fa-de3b10bf4e06
10:55:08 | DEBUG   | openrecall.server.queue_driver | NoopQueueDriver: frame_id=5556 completed capture_id=019cf9b3-19a3-7e0f-bd8d-df9d22de1909
10:55:08 | DEBUG   | openrecall.server.queue_driver | NoopQueueDriver: frame_id=5557 completed capture_id=019cf9b3-6788-7719-a598-2ea39eb71980
10:55:08 | DEBUG   | openrecall.server.queue_driver | NoopQueueDriver: frame_id=5558 completed capture_id=019cf9b3-8f28-7202-84df-9ae6870bedc3
10:55:08 | DEBUG   | openrecall.server.queue_driver | NoopQueueDriver: frame_id=5559 completed capture_id=019cf9b3-dd39-7f7f-96b1-62defee6f237
10:55:08 | DEBUG   | openrecall.server.queue_driver | NoopQueueDriver: frame_id=5560 completed capture_id=019cf9b4-04a8-763d-91d9-60f3ae51889f
10:55:08 | DEBUG   | openrecall.server.queue_driver | NoopQueueDriver: frame_id=5561 completed capture_id=019cf9b4-115b-7ba6-9986-375f1940aca0
10:55:08 | DEBUG   | openrecall.server.queue_driver | NoopQueueDriver: frame_id=5562 completed capture_id=019cf9b4-52c1-748b-81f6-a61853ffd419
10:55:08 | DEBUG   | openrecall.server.queue_driver | NoopQueueDriver: frame_id=5563 completed capture_id=019cf9b4-7a30-7e22-8624-8b51b17cb322
10:55:08 | DEBUG   | openrecall.server.queue_driver | NoopQueueDriver: frame_id=5564 completed capture_id=019cf9b4-86f1-7401-997a-deb6551deb84
10:55:08 | DEBUG   | openrecall.server.queue_driver | NoopQueueDriver: frame_id=5565 completed capture_id=019cf9b4-c84f-783b-90a1-ddd1b8d67274
10:55:08 | DEBUG   | openrecall.server.queue_driver | NoopQueueDriver: frame_id=5566 completed capture_id=019cf9b4-efbf-7fc1-9c65-d86c8dbe5439
10:55:08 | DEBUG   | openrecall.server.queue_driver | NoopQueueDriver: frame_id=5567 completed capture_id=019cf9b4-fc83-7cd2-bf10-772bb4135828
10:55:08 | DEBUG   | openrecall.server.queue_driver | NoopQueueDriver: frame_id=5568 completed capture_id=019cf9b5-058c-7faa-92f9-18e3192f1fde
10:55:08 | DEBUG   | openrecall.server.queue_driver | NoopQueueDriver: frame_id=5569 completed capture_id=019cf9b5-3dd4-7ca4-a300-8c7296ee350e
10:55:08 | DEBUG   | openrecall.server.queue_driver | NoopQueueDriver: frame_id=5570 completed capture_id=019cf9b5-654c-7159-ab46-d9b88aa5ac0e
10:55:08 | DEBUG   | openrecall.server.queue_driver | NoopQueueDriver: frame_id=5571 completed capture_id=019cf9b5-720b-7228-a61d-2ae04f38e071
10:55:08 | DEBUG   | openrecall.server.queue_driver | NoopQueueDriver: frame_id=5572 completed capture_id=019cf9b5-7b1a-766c-99cb-7fe8926e3601
10:55:08 | DEBUG   | openrecall.server.queue_driver | NoopQueueDriver: frame_id=5573 completed capture_id=019cf9b5-b357-7a86-811c-41954e71bf4c
10:55:08 | DEBUG   | openrecall.server.queue_driver | NoopQueueDriver: frame_id=5574 completed capture_id=019cf9b5-dad9-7bea-b353-8bd811532b22
10:55:08 | DEBUG   | openrecall.server.queue_driver | NoopQueueDriver: frame_id=5575 completed capture_id=019cf9b5-e793-7408-92fc-5b269aec59a3
10:55:08 | DEBUG   | openrecall.server.queue_driver | NoopQueueDriver: frame_id=5576 completed capture_id=019cf9b5-f09a-73a1-84b8-1475a40ae4dc
10:55:08 | DEBUG   | openrecall.server.queue_driver | NoopQueueDriver: frame_id=5577 completed capture_id=019cf9b7-2ae2-7848-8474-b614a44e6f26
10:55:08 | DEBUG   | openrecall.server.queue_driver | NoopQueueDriver: frame_id=5578 completed capture_id=019cf9b7-690f-744c-80e4-11b5f06e3945
10:55:08 | DEBUG   | openrecall.server.queue_driver | NoopQueueDriver: frame_id=5579 completed capture_id=019cf9b7-6973-7e16-8ddd-38143717271d
10:56:07 | INFO    | werkzeug | 127.0.0.1 - - [17/Mar/2026 10:56:07] "POST /api/heartbeat HTTP/1.1" 200 -
10:56:07 | INFO    | openrecall.server.database.frames_store | DEBUG claim_frame: capture_id=019cf9b8-db09-7c50-8892-4b58fe146268, simhash=None, metadata keys=['timestamp', 'capture_trigger', 'device_name', 'event_ts', 'app_name', 'window_name', 'active_app', 'active_window', 'last_known_app', 'last_known_window', 'capture_id', 'ingested_at', 'image_size_bytes']
10:56:07 | INFO    | openrecall.server.database.frames_store | claim_frame: winner capture_id=019cf9b8-db09-7c50-8892-4b58fe146268 frame_id=5580
10:56:07 | INFO    | openrecall.server.api_v1 | ingest: 201 Created capture_id=019cf9b8-db09-7c50-8892-4b58fe146268 frame_id=5580 request_id=e431ab57-d2ff-498c-a9eb-2f6866680387
10:56:07 | INFO    | werkzeug | 127.0.0.1 - - [17/Mar/2026 10:56:07] "[35m[1mPOST /v1/ingest HTTP/1.1[0m" 201 -
10:56:08 | DEBUG   | openrecall.server.queue_driver | NoopQueueDriver: frame_id=5580 completed capture_id=019cf9b8-db09-7c50-8892-4b58fe146268
10:56:11 | INFO    | openrecall.server.database.frames_store | DEBUG: simhash type=<class 'int'>, value=16199973623323411608
10:56:11 | INFO    | openrecall.server.database.frames_store | DEBUG: converted simhash to signed=-2246770450386140008
10:56:11 | INFO    | openrecall.server.database.frames_store | DEBUG claim_frame: capture_id=019cf9b8-ea71-7b37-93ee-a64dd5e14e59, simhash=-2246770450386140008, metadata keys=['timestamp', 'capture_trigger', 'device_name', 'event_ts', 'app_name', 'window_name', 'active_app', 'active_window', 'last_known_app', 'last_known_window', 'simhash', 'capture_id', 'ingested_at', 'image_size_bytes']
10:56:11 | INFO    | openrecall.server.database.frames_store | claim_frame: winner capture_id=019cf9b8-ea71-7b37-93ee-a64dd5e14e59 frame_id=5581
10:56:11 | INFO    | openrecall.server.api_v1 | ingest: 201 Created capture_id=019cf9b8-ea71-7b37-93ee-a64dd5e14e59 frame_id=5581 request_id=9adfc44a-d3eb-4bd9-861b-66f01973c974
10:56:11 | INFO    | werkzeug | 127.0.0.1 - - [17/Mar/2026 10:56:11] "[35m[1mPOST /v1/ingest HTTP/1.1[0m" 201 -
10:56:11 | INFO    | openrecall.server.database.frames_store | DEBUG claim_frame: capture_id=019cf9b8-eaca-79ce-a1e1-15bcf2519107, simhash=None, metadata keys=['timestamp', 'capture_trigger', 'device_name', 'event_ts', 'app_name', 'window_name', 'active_app', 'active_window', 'last_known_app', 'last_known_window', 'capture_id', 'ingested_at', 'image_size_bytes']
10:56:11 | INFO    | openrecall.server.database.frames_store | claim_frame: winner capture_id=019cf9b8-eaca-79ce-a1e1-15bcf2519107 frame_id=5582
10:56:11 | INFO    | openrecall.server.api_v1 | ingest: 201 Created capture_id=019cf9b8-eaca-79ce-a1e1-15bcf2519107 frame_id=5582 request_id=31e8c305-9db6-46c8-88bc-cd978c50d228
10:56:11 | INFO    | werkzeug | 127.0.0.1 - - [17/Mar/2026 10:56:11] "[35m[1mPOST /v1/ingest HTTP/1.1[0m" 201 -
10:56:12 | DEBUG   | openrecall.server.queue_driver | NoopQueueDriver: frame_id=5581 completed capture_id=019cf9b8-ea71-7b37-93ee-a64dd5e14e59
10:56:12 | DEBUG   | openrecall.server.queue_driver | NoopQueueDriver: frame_id=5582 completed capture_id=019cf9b8-eaca-79ce-a1e1-15bcf2519107
10:56:50 | INFO    | werkzeug | 127.0.0.1 - - [17/Mar/2026 10:56:50] "POST /api/heartbeat HTTP/1.1" 200 -
10:56:50 | INFO    | openrecall.server.database.frames_store | DEBUG claim_frame: capture_id=019cf9b9-836e-74b9-8f5d-250a7f753edf, simhash=None, metadata keys=['timestamp', 'capture_trigger', 'device_name', 'event_ts', 'app_name', 'window_name', 'active_app', 'active_window', 'last_known_app', 'last_known_window', 'capture_id', 'ingested_at', 'image_size_bytes']
10:56:50 | INFO    | openrecall.server.database.frames_store | claim_frame: winner capture_id=019cf9b9-836e-74b9-8f5d-250a7f753edf frame_id=5583
10:56:50 | INFO    | openrecall.server.api_v1 | ingest: 201 Created capture_id=019cf9b9-836e-74b9-8f5d-250a7f753edf frame_id=5583 request_id=5c24688e-ca24-43f0-a021-753e657b9ba1
10:56:50 | INFO    | werkzeug | 127.0.0.1 - - [17/Mar/2026 10:56:50] "[35m[1mPOST /v1/ingest HTTP/1.1[0m" 201 -
10:56:52 | DEBUG   | openrecall.server.queue_driver | NoopQueueDriver: frame_id=5583 completed capture_id=019cf9b9-836e-74b9-8f5d-250a7f753edf
/opt/homebrew/Caskroom/miniforge/base/lib/python3.12/multiprocessing/resource_tracker.py:279: UserWarning: resource_tracker: There appear to be 1 leaked semaphore objects to clean up at shutdown
  warnings.warn('resource_tracker: There appear to be %d '
